{
  "/Users/georgesomerville/dev/code-tests/scrum-board-duplicate/src/App.tsx": {
    "path": "/Users/georgesomerville/dev/code-tests/scrum-board-duplicate/src/App.tsx",
    "all": false,
    "statementMap": {
      "0": { "start": { "line": 1, "column": 0 }, "end": { "line": 1, "column": 19 } },
      "5": { "start": { "line": 6, "column": 0 }, "end": { "line": 6, "column": 26 } },
      "6": { "start": { "line": 7, "column": 0 }, "end": { "line": 7, "column": 10 } },
      "7": { "start": { "line": 8, "column": 0 }, "end": { "line": 8, "column": 44 } },
      "8": { "start": { "line": 9, "column": 0 }, "end": { "line": 9, "column": 16 } },
      "9": { "start": { "line": 10, "column": 0 }, "end": { "line": 10, "column": 47 } },
      "10": { "start": { "line": 11, "column": 0 }, "end": { "line": 11, "column": 16 } },
      "12": { "start": { "line": 13, "column": 0 }, "end": { "line": 13, "column": 16 } },
      "15": { "start": { "line": 16, "column": 0 }, "end": { "line": 16, "column": 2 } },
      "17": { "start": { "line": 18, "column": 0 }, "end": { "line": 18, "column": 19 } }
    },
    "s": { "0": 1, "5": 1, "6": 9, "7": 9, "8": 9, "9": 9, "10": 9, "12": 9, "15": 9, "17": 1 },
    "branchMap": {
      "0": {
        "type": "branch",
        "line": 6,
        "loc": { "start": { "line": 6, "column": 19 }, "end": { "line": 16, "column": 2 } },
        "locations": [{ "start": { "line": 6, "column": 19 }, "end": { "line": 16, "column": 2 } }]
      }
    },
    "b": { "0": [9] },
    "fnMap": {
      "0": {
        "name": "App",
        "decl": { "start": { "line": 6, "column": 19 }, "end": { "line": 16, "column": 2 } },
        "loc": { "start": { "line": 6, "column": 19 }, "end": { "line": 16, "column": 2 } },
        "line": 6
      }
    },
    "f": { "0": 9 }
  },
  "/Users/georgesomerville/dev/code-tests/scrum-board-duplicate/src/main.tsx": {
    "path": "/Users/georgesomerville/dev/code-tests/scrum-board-duplicate/src/main.tsx",
    "all": true,
    "statementMap": {
      "0": { "start": { "line": 1, "column": 0 }, "end": { "line": 1, "column": 35 } },
      "1": { "start": { "line": 2, "column": 0 }, "end": { "line": 2, "column": 46 } },
      "2": { "start": { "line": 3, "column": 0 }, "end": { "line": 3, "column": 32 } },
      "4": { "start": { "line": 5, "column": 0 }, "end": { "line": 5, "column": 52 } },
      "5": { "start": { "line": 6, "column": 0 }, "end": { "line": 6, "column": 14 } },
      "6": { "start": { "line": 7, "column": 0 }, "end": { "line": 7, "column": 11 } }
    },
    "s": { "0": 0, "1": 0, "2": 0, "4": 0, "5": 0, "6": 0 },
    "branchMap": {
      "0": {
        "type": "branch",
        "line": 1,
        "loc": { "start": { "line": 1, "column": 216 }, "end": { "line": 9, "column": 2 } },
        "locations": [{ "start": { "line": 1, "column": 216 }, "end": { "line": 9, "column": 2 } }]
      }
    },
    "b": { "0": [0] },
    "fnMap": {
      "0": {
        "name": "(empty-report)",
        "decl": { "start": { "line": 1, "column": 216 }, "end": { "line": 9, "column": 2 } },
        "loc": { "start": { "line": 1, "column": 216 }, "end": { "line": 9, "column": 2 } },
        "line": 1
      }
    },
    "f": { "0": 0 }
  },
  "/Users/georgesomerville/dev/code-tests/scrum-board-duplicate/src/types.ts": {
    "path": "/Users/georgesomerville/dev/code-tests/scrum-board-duplicate/src/types.ts",
    "all": true,
    "statementMap": { "6": { "start": { "line": 7, "column": 0 }, "end": { "line": 7, "column": 2 } } },
    "s": { "6": 0 },
    "branchMap": {
      "0": {
        "type": "branch",
        "line": 1,
        "loc": { "start": { "line": 1, "column": 139 }, "end": { "line": 7, "column": 2 } },
        "locations": [{ "start": { "line": 1, "column": 139 }, "end": { "line": 7, "column": 2 } }]
      }
    },
    "b": { "0": [1] },
    "fnMap": {
      "0": {
        "name": "(empty-report)",
        "decl": { "start": { "line": 1, "column": 139 }, "end": { "line": 7, "column": 2 } },
        "loc": { "start": { "line": 1, "column": 139 }, "end": { "line": 7, "column": 2 } },
        "line": 1
      }
    },
    "f": { "0": 1 }
  },
  "/Users/georgesomerville/dev/code-tests/scrum-board-duplicate/src/components/Home/Home.tsx": {
    "path": "/Users/georgesomerville/dev/code-tests/scrum-board-duplicate/src/components/Home/Home.tsx",
    "all": false,
    "statementMap": {
      "0": { "start": { "line": 1, "column": 0 }, "end": { "line": 1, "column": 61 } },
      "8": { "start": { "line": 9, "column": 0 }, "end": { "line": 9, "column": 27 } },
      "9": { "start": { "line": 10, "column": 0 }, "end": { "line": 10, "column": 38 } },
      "10": { "start": { "line": 11, "column": 0 }, "end": { "line": 11, "column": 23 } },
      "11": { "start": { "line": 12, "column": 0 }, "end": { "line": 12, "column": 10 } },
      "12": { "start": { "line": 13, "column": 0 }, "end": { "line": 13, "column": 14 } },
      "13": { "start": { "line": 14, "column": 0 }, "end": { "line": 14, "column": 20 } },
      "14": { "start": { "line": 15, "column": 0 }, "end": { "line": 15, "column": 18 } },
      "15": { "start": { "line": 16, "column": 0 }, "end": { "line": 16, "column": 19 } },
      "16": { "start": { "line": 17, "column": 0 }, "end": { "line": 17, "column": 4 } },
      "18": { "start": { "line": 19, "column": 0 }, "end": { "line": 19, "column": 52 } },
      "19": { "start": { "line": 20, "column": 0 }, "end": { "line": 20, "column": 63 } },
      "21": { "start": { "line": 22, "column": 0 }, "end": { "line": 22, "column": 51 } },
      "23": { "start": { "line": 24, "column": 0 }, "end": { "line": 24, "column": 19 } },
      "24": { "start": { "line": 25, "column": 0 }, "end": { "line": 25, "column": 38 } },
      "25": { "start": { "line": 26, "column": 0 }, "end": { "line": 26, "column": 23 } },
      "26": { "start": { "line": 27, "column": 0 }, "end": { "line": 27, "column": 38 } },
      "27": { "start": { "line": 28, "column": 0 }, "end": { "line": 28, "column": 28 } },
      "28": { "start": { "line": 29, "column": 0 }, "end": { "line": 29, "column": 15 } },
      "30": { "start": { "line": 31, "column": 0 }, "end": { "line": 31, "column": 39 } },
      "31": { "start": { "line": 32, "column": 0 }, "end": { "line": 32, "column": 5 } },
      "32": { "start": { "line": 33, "column": 0 }, "end": { "line": 33, "column": 21 } },
      "34": { "start": { "line": 35, "column": 0 }, "end": { "line": 35, "column": 75 } },
      "35": { "start": { "line": 36, "column": 0 }, "end": { "line": 36, "column": 21 } },
      "36": { "start": { "line": 37, "column": 0 }, "end": { "line": 37, "column": 27 } },
      "37": { "start": { "line": 38, "column": 0 }, "end": { "line": 38, "column": 14 } },
      "38": { "start": { "line": 39, "column": 0 }, "end": { "line": 39, "column": 6 } },
      "40": { "start": { "line": 41, "column": 0 }, "end": { "line": 41, "column": 34 } },
      "41": { "start": { "line": 42, "column": 0 }, "end": { "line": 42, "column": 31 } },
      "42": { "start": { "line": 43, "column": 0 }, "end": { "line": 43, "column": 4 } },
      "44": { "start": { "line": 45, "column": 0 }, "end": { "line": 45, "column": 19 } },
      "45": { "start": { "line": 46, "column": 0 }, "end": { "line": 46, "column": 26 } },
      "46": { "start": { "line": 47, "column": 0 }, "end": { "line": 47, "column": 34 } },
      "47": { "start": { "line": 48, "column": 0 }, "end": { "line": 48, "column": 5 } },
      "48": { "start": { "line": 49, "column": 0 }, "end": { "line": 49, "column": 59 } },
      "49": { "start": { "line": 50, "column": 0 }, "end": { "line": 50, "column": 21 } },
      "51": { "start": { "line": 52, "column": 0 }, "end": { "line": 52, "column": 90 } },
      "52": { "start": { "line": 53, "column": 0 }, "end": { "line": 53, "column": 56 } },
      "53": { "start": { "line": 54, "column": 0 }, "end": { "line": 54, "column": 27 } },
      "54": { "start": { "line": 55, "column": 0 }, "end": { "line": 55, "column": 16 } },
      "55": { "start": { "line": 56, "column": 0 }, "end": { "line": 56, "column": 18 } },
      "56": { "start": { "line": 57, "column": 0 }, "end": { "line": 57, "column": 83 } },
      "57": { "start": { "line": 58, "column": 0 }, "end": { "line": 58, "column": 23 } },
      "58": { "start": { "line": 59, "column": 0 }, "end": { "line": 59, "column": 33 } },
      "59": { "start": { "line": 60, "column": 0 }, "end": { "line": 60, "column": 10 } },
      "60": { "start": { "line": 61, "column": 0 }, "end": { "line": 61, "column": 7 } },
      "61": { "start": { "line": 62, "column": 0 }, "end": { "line": 62, "column": 27 } },
      "62": { "start": { "line": 63, "column": 0 }, "end": { "line": 63, "column": 18 } },
      "63": { "start": { "line": 64, "column": 0 }, "end": { "line": 64, "column": 7 } },
      "65": { "start": { "line": 66, "column": 0 }, "end": { "line": 66, "column": 32 } },
      "66": { "start": { "line": 67, "column": 0 }, "end": { "line": 67, "column": 31 } },
      "67": { "start": { "line": 68, "column": 0 }, "end": { "line": 68, "column": 4 } },
      "69": { "start": { "line": 70, "column": 0 }, "end": { "line": 70, "column": 54 } },
      "70": { "start": { "line": 71, "column": 0 }, "end": { "line": 71, "column": 41 } },
      "71": { "start": { "line": 72, "column": 0 }, "end": { "line": 72, "column": 15 } },
      "72": { "start": { "line": 73, "column": 0 }, "end": { "line": 73, "column": 52 } },
      "73": { "start": { "line": 74, "column": 0 }, "end": { "line": 74, "column": 28 } },
      "74": { "start": { "line": 75, "column": 0 }, "end": { "line": 75, "column": 5 } },
      "75": { "start": { "line": 76, "column": 0 }, "end": { "line": 76, "column": 27 } },
      "76": { "start": { "line": 77, "column": 0 }, "end": { "line": 77, "column": 4 } },
      "78": { "start": { "line": 79, "column": 0 }, "end": { "line": 79, "column": 40 } },
      "79": { "start": { "line": 80, "column": 0 }, "end": { "line": 80, "column": 75 } },
      "81": { "start": { "line": 82, "column": 0 }, "end": { "line": 82, "column": 28 } },
      "82": { "start": { "line": 83, "column": 0 }, "end": { "line": 83, "column": 31 } },
      "83": { "start": { "line": 84, "column": 0 }, "end": { "line": 84, "column": 4 } },
      "85": { "start": { "line": 86, "column": 0 }, "end": { "line": 86, "column": 29 } },
      "86": { "start": { "line": 87, "column": 0 }, "end": { "line": 87, "column": 17 } },
      "87": { "start": { "line": 88, "column": 0 }, "end": { "line": 88, "column": 4 } },
      "89": { "start": { "line": 90, "column": 0 }, "end": { "line": 90, "column": 86 } },
      "90": { "start": { "line": 91, "column": 0 }, "end": { "line": 91, "column": 26 } },
      "91": { "start": { "line": 92, "column": 0 }, "end": { "line": 92, "column": 31 } },
      "92": { "start": { "line": 93, "column": 0 }, "end": { "line": 93, "column": 100 } },
      "93": { "start": { "line": 94, "column": 0 }, "end": { "line": 94, "column": 59 } },
      "94": { "start": { "line": 95, "column": 0 }, "end": { "line": 95, "column": 19 } },
      "97": { "start": { "line": 98, "column": 0 }, "end": { "line": 98, "column": 10 } },
      "98": { "start": { "line": 99, "column": 0 }, "end": { "line": 99, "column": 6 } },
      "99": { "start": { "line": 100, "column": 0 }, "end": { "line": 100, "column": 69 } },
      "100": { "start": { "line": 101, "column": 0 }, "end": { "line": 101, "column": 54 } },
      "101": { "start": { "line": 102, "column": 0 }, "end": { "line": 102, "column": 69 } },
      "105": { "start": { "line": 106, "column": 0 }, "end": { "line": 106, "column": 68 } },
      "106": { "start": { "line": 107, "column": 0 }, "end": { "line": 107, "column": 70 } },
      "107": { "start": { "line": 108, "column": 0 }, "end": { "line": 108, "column": 33 } },
      "108": { "start": { "line": 109, "column": 0 }, "end": { "line": 109, "column": 12 } },
      "109": { "start": { "line": 110, "column": 0 }, "end": { "line": 110, "column": 42 } },
      "110": { "start": { "line": 111, "column": 0 }, "end": { "line": 111, "column": 20 } },
      "111": { "start": { "line": 112, "column": 0 }, "end": { "line": 112, "column": 49 } },
      "112": { "start": { "line": 113, "column": 0 }, "end": { "line": 113, "column": 21 } },
      "113": { "start": { "line": 114, "column": 0 }, "end": { "line": 114, "column": 45 } },
      "114": { "start": { "line": 115, "column": 0 }, "end": { "line": 115, "column": 41 } },
      "115": { "start": { "line": 116, "column": 0 }, "end": { "line": 116, "column": 29 } },
      "116": { "start": { "line": 117, "column": 0 }, "end": { "line": 117, "column": 45 } },
      "117": { "start": { "line": 118, "column": 0 }, "end": { "line": 118, "column": 35 } },
      "121": { "start": { "line": 122, "column": 0 }, "end": { "line": 122, "column": 13 } },
      "126": { "start": { "line": 127, "column": 0 }, "end": { "line": 127, "column": 2 } },
      "128": { "start": { "line": 129, "column": 0 }, "end": { "line": 129, "column": 20 } }
    },
    "s": {
      "0": 1,
      "8": 1,
      "9": 19,
      "10": 19,
      "11": 19,
      "12": 19,
      "13": 19,
      "14": 19,
      "15": 19,
      "16": 19,
      "18": 19,
      "19": 19,
      "21": 19,
      "23": 19,
      "24": 15,
      "25": 15,
      "26": 5,
      "27": 1,
      "28": 5,
      "30": 5,
      "31": 5,
      "32": 19,
      "34": 19,
      "35": 4,
      "36": 4,
      "37": 4,
      "38": 4,
      "40": 4,
      "41": 4,
      "42": 4,
      "44": 19,
      "45": 15,
      "46": 0,
      "47": 0,
      "48": 15,
      "49": 19,
      "51": 19,
      "52": 1,
      "53": 2,
      "54": 1,
      "55": 1,
      "56": 1,
      "57": 1,
      "58": 1,
      "59": 1,
      "60": 1,
      "61": 1,
      "62": 1,
      "63": 1,
      "65": 1,
      "66": 1,
      "67": 1,
      "69": 19,
      "70": 2,
      "71": 2,
      "72": 2,
      "73": 2,
      "74": 2,
      "75": 2,
      "76": 2,
      "78": 19,
      "79": 1,
      "81": 1,
      "82": 1,
      "83": 1,
      "85": 19,
      "86": 1,
      "87": 1,
      "89": 19,
      "90": 19,
      "91": 19,
      "92": 19,
      "93": 15,
      "94": 19,
      "97": 19,
      "98": 19,
      "99": 19,
      "100": 19,
      "101": 19,
      "105": 19,
      "106": 19,
      "107": 19,
      "108": 19,
      "109": 19,
      "110": 19,
      "111": 19,
      "112": 19,
      "113": 19,
      "114": 19,
      "115": 19,
      "116": 19,
      "117": 19,
      "121": 19,
      "126": 19,
      "128": 1
    },
    "branchMap": {
      "0": {
        "type": "branch",
        "line": 9,
        "loc": { "start": { "line": 9, "column": 20 }, "end": { "line": 127, "column": 2 } },
        "locations": [{ "start": { "line": 9, "column": 20 }, "end": { "line": 127, "column": 2 } }]
      },
      "1": {
        "type": "branch",
        "line": 24,
        "loc": { "start": { "line": 24, "column": 12 }, "end": { "line": 33, "column": 5 } },
        "locations": [{ "start": { "line": 24, "column": 12 }, "end": { "line": 33, "column": 5 } }]
      },
      "2": {
        "type": "branch",
        "line": 26,
        "loc": { "start": { "line": 26, "column": 22 }, "end": { "line": 32, "column": 5 } },
        "locations": [{ "start": { "line": 26, "column": 22 }, "end": { "line": 32, "column": 5 } }]
      },
      "3": {
        "type": "branch",
        "line": 27,
        "loc": { "start": { "line": 27, "column": 31 }, "end": { "line": 29, "column": 9 } },
        "locations": [{ "start": { "line": 27, "column": 31 }, "end": { "line": 29, "column": 9 } }]
      },
      "4": {
        "type": "branch",
        "line": 31,
        "loc": { "start": { "line": 31, "column": 13 }, "end": { "line": 31, "column": 39 } },
        "locations": [{ "start": { "line": 31, "column": 13 }, "end": { "line": 31, "column": 39 } }]
      },
      "5": {
        "type": "branch",
        "line": 35,
        "loc": { "start": { "line": 35, "column": 23 }, "end": { "line": 43, "column": 4 } },
        "locations": [{ "start": { "line": 35, "column": 23 }, "end": { "line": 43, "column": 4 } }]
      },
      "6": {
        "type": "branch",
        "line": 45,
        "loc": { "start": { "line": 45, "column": 12 }, "end": { "line": 50, "column": 5 } },
        "locations": [{ "start": { "line": 45, "column": 12 }, "end": { "line": 50, "column": 5 } }]
      },
      "7": {
        "type": "branch",
        "line": 46,
        "loc": { "start": { "line": 46, "column": 25 }, "end": { "line": 48, "column": 5 } },
        "locations": [{ "start": { "line": 46, "column": 25 }, "end": { "line": 48, "column": 5 } }]
      },
      "8": {
        "type": "branch",
        "line": 52,
        "loc": { "start": { "line": 52, "column": 21 }, "end": { "line": 68, "column": 4 } },
        "locations": [{ "start": { "line": 52, "column": 21 }, "end": { "line": 68, "column": 4 } }]
      },
      "9": {
        "type": "branch",
        "line": 53,
        "loc": { "start": { "line": 53, "column": 35 }, "end": { "line": 64, "column": 7 } },
        "locations": [{ "start": { "line": 53, "column": 35 }, "end": { "line": 64, "column": 7 } }]
      },
      "10": {
        "type": "branch",
        "line": 54,
        "loc": { "start": { "line": 54, "column": 26 }, "end": { "line": 64, "column": 7 } },
        "locations": [{ "start": { "line": 54, "column": 26 }, "end": { "line": 64, "column": 7 } }]
      },
      "11": {
        "type": "branch",
        "line": 70,
        "loc": { "start": { "line": 70, "column": 21 }, "end": { "line": 77, "column": 4 } },
        "locations": [{ "start": { "line": 70, "column": 21 }, "end": { "line": 77, "column": 4 } }]
      },
      "12": {
        "type": "branch",
        "line": 79,
        "loc": { "start": { "line": 79, "column": 23 }, "end": { "line": 84, "column": 4 } },
        "locations": [{ "start": { "line": 79, "column": 23 }, "end": { "line": 84, "column": 4 } }]
      },
      "13": {
        "type": "branch",
        "line": 80,
        "loc": { "start": { "line": 80, "column": 39 }, "end": { "line": 80, "column": 75 } },
        "locations": [{ "start": { "line": 80, "column": 39 }, "end": { "line": 80, "column": 75 } }]
      },
      "14": {
        "type": "branch",
        "line": 86,
        "loc": { "start": { "line": 86, "column": 22 }, "end": { "line": 88, "column": 4 } },
        "locations": [{ "start": { "line": 86, "column": 22 }, "end": { "line": 88, "column": 4 } }]
      },
      "15": {
        "type": "branch",
        "line": 93,
        "loc": { "start": { "line": 93, "column": 4 }, "end": { "line": 94, "column": 59 } },
        "locations": [{ "start": { "line": 93, "column": 4 }, "end": { "line": 94, "column": 59 } }]
      },
      "16": {
        "type": "branch",
        "line": 110,
        "loc": { "start": { "line": 110, "column": 21 }, "end": { "line": 122, "column": 13 } },
        "locations": [{ "start": { "line": 110, "column": 21 }, "end": { "line": 122, "column": 13 } }]
      }
    },
    "b": {
      "0": [19],
      "1": [15],
      "2": [5],
      "3": [1],
      "4": [5],
      "5": [4],
      "6": [15],
      "7": [0],
      "8": [1],
      "9": [2],
      "10": [1],
      "11": [2],
      "12": [1],
      "13": [1],
      "14": [1],
      "15": [15],
      "16": [19]
    },
    "fnMap": {
      "0": {
        "name": "Home",
        "decl": { "start": { "line": 9, "column": 20 }, "end": { "line": 127, "column": 2 } },
        "loc": { "start": { "line": 9, "column": 20 }, "end": { "line": 127, "column": 2 } },
        "line": 9
      },
      "1": {
        "name": "handleCreate",
        "decl": { "start": { "line": 35, "column": 23 }, "end": { "line": 43, "column": 4 } },
        "loc": { "start": { "line": 35, "column": 23 }, "end": { "line": 43, "column": 4 } },
        "line": 35
      },
      "2": {
        "name": "handleEdit",
        "decl": { "start": { "line": 52, "column": 21 }, "end": { "line": 68, "column": 4 } },
        "loc": { "start": { "line": 52, "column": 21 }, "end": { "line": 68, "column": 4 } },
        "line": 52
      },
      "3": {
        "name": "handleSort",
        "decl": { "start": { "line": 70, "column": 21 }, "end": { "line": 77, "column": 4 } },
        "loc": { "start": { "line": 70, "column": 21 }, "end": { "line": 77, "column": 4 } },
        "line": 70
      },
      "4": {
        "name": "handleDelete",
        "decl": { "start": { "line": 79, "column": 23 }, "end": { "line": 84, "column": 4 } },
        "loc": { "start": { "line": 79, "column": 23 }, "end": { "line": 84, "column": 4 } },
        "line": 79
      },
      "5": {
        "name": "handleClear",
        "decl": { "start": { "line": 86, "column": 22 }, "end": { "line": 88, "column": 4 } },
        "loc": { "start": { "line": 86, "column": 22 }, "end": { "line": 88, "column": 4 } },
        "line": 86
      }
    },
    "f": { "0": 19, "1": 4, "2": 1, "3": 2, "4": 1, "5": 1 }
  },
  "/Users/georgesomerville/dev/code-tests/scrum-board-duplicate/src/components/Idea/Idea.tsx": {
    "path": "/Users/georgesomerville/dev/code-tests/scrum-board-duplicate/src/components/Idea/Idea.tsx",
    "all": false,
    "statementMap": {
      "0": { "start": { "line": 1, "column": 0 }, "end": { "line": 1, "column": 61 } },
      "14": { "start": { "line": 15, "column": 0 }, "end": { "line": 15, "column": 97 } },
      "15": { "start": { "line": 16, "column": 0 }, "end": { "line": 16, "column": 41 } },
      "17": { "start": { "line": 18, "column": 0 }, "end": { "line": 18, "column": 77 } },
      "18": { "start": { "line": 19, "column": 0 }, "end": { "line": 19, "column": 20 } },
      "19": { "start": { "line": 20, "column": 0 }, "end": { "line": 20, "column": 21 } },
      "20": { "start": { "line": 21, "column": 0 }, "end": { "line": 21, "column": 12 } },
      "21": { "start": { "line": 22, "column": 0 }, "end": { "line": 22, "column": 23 } },
      "22": { "start": { "line": 23, "column": 0 }, "end": { "line": 23, "column": 5 } },
      "23": { "start": { "line": 24, "column": 0 }, "end": { "line": 24, "column": 4 } },
      "25": { "start": { "line": 26, "column": 0 }, "end": { "line": 26, "column": 73 } },
      "26": { "start": { "line": 27, "column": 0 }, "end": { "line": 27, "column": 42 } },
      "27": { "start": { "line": 28, "column": 0 }, "end": { "line": 28, "column": 19 } },
      "28": { "start": { "line": 29, "column": 0 }, "end": { "line": 29, "column": 12 } },
      "29": { "start": { "line": 30, "column": 0 }, "end": { "line": 30, "column": 18 } },
      "30": { "start": { "line": 31, "column": 0 }, "end": { "line": 31, "column": 28 } },
      "31": { "start": { "line": 32, "column": 0 }, "end": { "line": 32, "column": 6 } },
      "32": { "start": { "line": 33, "column": 0 }, "end": { "line": 33, "column": 24 } },
      "34": { "start": { "line": 35, "column": 0 }, "end": { "line": 35, "column": 31 } },
      "35": { "start": { "line": 36, "column": 0 }, "end": { "line": 36, "column": 4 } },
      "37": { "start": { "line": 38, "column": 0 }, "end": { "line": 38, "column": 71 } },
      "38": { "start": { "line": 39, "column": 0 }, "end": { "line": 39, "column": 42 } },
      "39": { "start": { "line": 40, "column": 0 }, "end": { "line": 40, "column": 19 } },
      "40": { "start": { "line": 41, "column": 0 }, "end": { "line": 41, "column": 12 } },
      "41": { "start": { "line": 42, "column": 0 }, "end": { "line": 42, "column": 18 } },
      "42": { "start": { "line": 43, "column": 0 }, "end": { "line": 43, "column": 6 } },
      "44": { "start": { "line": 45, "column": 0 }, "end": { "line": 45, "column": 31 } },
      "45": { "start": { "line": 46, "column": 0 }, "end": { "line": 46, "column": 4 } },
      "47": { "start": { "line": 48, "column": 0 }, "end": { "line": 48, "column": 28 } },
      "48": { "start": { "line": 49, "column": 0 }, "end": { "line": 49, "column": 20 } },
      "49": { "start": { "line": 50, "column": 0 }, "end": { "line": 50, "column": 24 } },
      "50": { "start": { "line": 51, "column": 0 }, "end": { "line": 51, "column": 36 } },
      "51": { "start": { "line": 52, "column": 0 }, "end": { "line": 52, "column": 6 } },
      "52": { "start": { "line": 53, "column": 0 }, "end": { "line": 53, "column": 27 } },
      "53": { "start": { "line": 54, "column": 0 }, "end": { "line": 54, "column": 66 } },
      "54": { "start": { "line": 55, "column": 0 }, "end": { "line": 55, "column": 26 } },
      "55": { "start": { "line": 56, "column": 0 }, "end": { "line": 56, "column": 43 } },
      "56": { "start": { "line": 57, "column": 0 }, "end": { "line": 57, "column": 7 } },
      "57": { "start": { "line": 58, "column": 0 }, "end": { "line": 58, "column": 32 } },
      "58": { "start": { "line": 59, "column": 0 }, "end": { "line": 59, "column": 55 } },
      "59": { "start": { "line": 60, "column": 0 }, "end": { "line": 60, "column": 7 } },
      "61": { "start": { "line": 62, "column": 0 }, "end": { "line": 62, "column": 20 } },
      "62": { "start": { "line": 63, "column": 0 }, "end": { "line": 63, "column": 6 } },
      "63": { "start": { "line": 64, "column": 0 }, "end": { "line": 64, "column": 27 } },
      "64": { "start": { "line": 65, "column": 0 }, "end": { "line": 65, "column": 5 } },
      "66": { "start": { "line": 67, "column": 0 }, "end": { "line": 67, "column": 111 } },
      "67": { "start": { "line": 68, "column": 0 }, "end": { "line": 68, "column": 91 } },
      "69": { "start": { "line": 70, "column": 0 }, "end": { "line": 70, "column": 82 } },
      "70": { "start": { "line": 71, "column": 0 }, "end": { "line": 71, "column": 27 } },
      "71": { "start": { "line": 72, "column": 0 }, "end": { "line": 72, "column": 55 } },
      "72": { "start": { "line": 73, "column": 0 }, "end": { "line": 73, "column": 4 } },
      "74": { "start": { "line": 75, "column": 0 }, "end": { "line": 75, "column": 73 } },
      "75": { "start": { "line": 76, "column": 0 }, "end": { "line": 76, "column": 27 } },
      "76": { "start": { "line": 77, "column": 0 }, "end": { "line": 77, "column": 4 } },
      "78": { "start": { "line": 79, "column": 0 }, "end": { "line": 79, "column": 50 } },
      "80": { "start": { "line": 81, "column": 0 }, "end": { "line": 81, "column": 19 } },
      "81": { "start": { "line": 82, "column": 0 }, "end": { "line": 82, "column": 40 } },
      "82": { "start": { "line": 83, "column": 0 }, "end": { "line": 83, "column": 31 } },
      "83": { "start": { "line": 84, "column": 0 }, "end": { "line": 84, "column": 5 } },
      "84": { "start": { "line": 85, "column": 0 }, "end": { "line": 85, "column": 24 } },
      "86": { "start": { "line": 87, "column": 0 }, "end": { "line": 87, "column": 26 } },
      "87": { "start": { "line": 88, "column": 0 }, "end": { "line": 88, "column": 23 } },
      "88": { "start": { "line": 89, "column": 0 }, "end": { "line": 89, "column": 28 } },
      "89": { "start": { "line": 90, "column": 0 }, "end": { "line": 90, "column": 5 } },
      "90": { "start": { "line": 91, "column": 0 }, "end": { "line": 91, "column": 4 } },
      "92": { "start": { "line": 93, "column": 0 }, "end": { "line": 93, "column": 10 } },
      "93": { "start": { "line": 94, "column": 0 }, "end": { "line": 94, "column": 120 } },
      "94": { "start": { "line": 95, "column": 0 }, "end": { "line": 95, "column": 12 } },
      "95": { "start": { "line": 96, "column": 0 }, "end": { "line": 96, "column": 26 } },
      "96": { "start": { "line": 97, "column": 0 }, "end": { "line": 97, "column": 35 } },
      "97": { "start": { "line": 98, "column": 0 }, "end": { "line": 98, "column": 33 } },
      "98": { "start": { "line": 99, "column": 0 }, "end": { "line": 99, "column": 31 } },
      "99": { "start": { "line": 100, "column": 0 }, "end": { "line": 100, "column": 83 } },
      "100": { "start": { "line": 101, "column": 0 }, "end": { "line": 101, "column": 20 } },
      "101": { "start": { "line": 102, "column": 0 }, "end": { "line": 102, "column": 36 } },
      "102": { "start": { "line": 103, "column": 0 }, "end": { "line": 103, "column": 22 } },
      "104": { "start": { "line": 105, "column": 0 }, "end": { "line": 105, "column": 15 } },
      "105": { "start": { "line": 106, "column": 0 }, "end": { "line": 106, "column": 41 } },
      "106": { "start": { "line": 107, "column": 0 }, "end": { "line": 107, "column": 42 } },
      "107": { "start": { "line": 108, "column": 0 }, "end": { "line": 108, "column": 118 } },
      "108": { "start": { "line": 109, "column": 0 }, "end": { "line": 109, "column": 53 } },
      "109": { "start": { "line": 110, "column": 0 }, "end": { "line": 110, "column": 26 } },
      "110": { "start": { "line": 111, "column": 0 }, "end": { "line": 111, "column": 32 } },
      "111": { "start": { "line": 112, "column": 0 }, "end": { "line": 112, "column": 23 } },
      "114": { "start": { "line": 115, "column": 0 }, "end": { "line": 115, "column": 35 } },
      "115": { "start": { "line": 116, "column": 0 }, "end": { "line": 116, "column": 31 } },
      "116": { "start": { "line": 117, "column": 0 }, "end": { "line": 117, "column": 75 } },
      "118": { "start": { "line": 119, "column": 0 }, "end": { "line": 119, "column": 58 } },
      "119": { "start": { "line": 120, "column": 0 }, "end": { "line": 120, "column": 11 } },
      "121": { "start": { "line": 122, "column": 0 }, "end": { "line": 122, "column": 71 } },
      "122": { "start": { "line": 123, "column": 0 }, "end": { "line": 123, "column": 83 } },
      "124": { "start": { "line": 125, "column": 0 }, "end": { "line": 125, "column": 93 } },
      "125": { "start": { "line": 126, "column": 0 }, "end": { "line": 126, "column": 90 } },
      "126": { "start": { "line": 127, "column": 0 }, "end": { "line": 127, "column": 50 } },
      "127": { "start": { "line": 128, "column": 0 }, "end": { "line": 128, "column": 88 } },
      "128": { "start": { "line": 129, "column": 0 }, "end": { "line": 129, "column": 26 } },
      "129": { "start": { "line": 130, "column": 0 }, "end": { "line": 130, "column": 17 } },
      "130": { "start": { "line": 131, "column": 0 }, "end": { "line": 131, "column": 25 } },
      "131": { "start": { "line": 132, "column": 0 }, "end": { "line": 132, "column": 90 } },
      "132": { "start": { "line": 133, "column": 0 }, "end": { "line": 133, "column": 30 } },
      "133": { "start": { "line": 134, "column": 0 }, "end": { "line": 134, "column": 11 } },
      "140": { "start": { "line": 141, "column": 0 }, "end": { "line": 141, "column": 2 } }
    },
    "s": {
      "0": 1,
      "14": 1,
      "15": 59,
      "17": 59,
      "18": 5,
      "19": 1,
      "20": 5,
      "21": 4,
      "22": 4,
      "23": 5,
      "25": 59,
      "26": 4,
      "27": 4,
      "28": 4,
      "29": 4,
      "30": 4,
      "31": 4,
      "32": 4,
      "34": 4,
      "35": 4,
      "37": 59,
      "38": 1,
      "39": 1,
      "40": 1,
      "41": 1,
      "42": 1,
      "44": 1,
      "45": 1,
      "47": 59,
      "48": 59,
      "49": 59,
      "50": 59,
      "51": 59,
      "52": 59,
      "53": 21,
      "54": 21,
      "55": 4,
      "56": 4,
      "57": 21,
      "58": 7,
      "59": 7,
      "61": 21,
      "62": 21,
      "63": 59,
      "64": 59,
      "66": 59,
      "67": 59,
      "69": 59,
      "70": 7,
      "71": 7,
      "72": 7,
      "74": 59,
      "75": 7,
      "76": 7,
      "78": 59,
      "80": 59,
      "81": 28,
      "82": 15,
      "83": 15,
      "84": 59,
      "86": 59,
      "87": 1,
      "88": 1,
      "89": 1,
      "90": 1,
      "92": 59,
      "93": 59,
      "94": 59,
      "95": 59,
      "96": 59,
      "97": 59,
      "98": 59,
      "99": 59,
      "100": 59,
      "101": 59,
      "102": 59,
      "104": 59,
      "105": 59,
      "106": 59,
      "107": 59,
      "108": 59,
      "109": 59,
      "110": 59,
      "111": 59,
      "114": 59,
      "115": 40,
      "116": 0,
      "118": 40,
      "119": 40,
      "121": 59,
      "122": 59,
      "124": 59,
      "125": 59,
      "126": 59,
      "127": 59,
      "128": 59,
      "129": 59,
      "130": 59,
      "131": 59,
      "132": 59,
      "133": 59,
      "140": 59
    },
    "branchMap": {
      "0": {
        "type": "branch",
        "line": 15,
        "loc": { "start": { "line": 15, "column": 20 }, "end": { "line": 141, "column": 2 } },
        "locations": [{ "start": { "line": 15, "column": 20 }, "end": { "line": 141, "column": 2 } }]
      },
      "1": {
        "type": "branch",
        "line": 115,
        "loc": { "start": { "line": 115, "column": 32 }, "end": { "line": 120, "column": 11 } },
        "locations": [{ "start": { "line": 115, "column": 32 }, "end": { "line": 120, "column": 11 } }]
      },
      "2": {
        "type": "branch",
        "line": 116,
        "loc": { "start": { "line": 116, "column": 9 }, "end": { "line": 119, "column": 11 } },
        "locations": [{ "start": { "line": 116, "column": 9 }, "end": { "line": 119, "column": 11 } }]
      },
      "3": {
        "type": "branch",
        "line": 125,
        "loc": { "start": { "line": 125, "column": 7 }, "end": { "line": 125, "column": 93 } },
        "locations": [{ "start": { "line": 125, "column": 7 }, "end": { "line": 125, "column": 93 } }]
      },
      "4": {
        "type": "branch",
        "line": 125,
        "loc": { "start": { "line": 125, "column": 90 }, "end": { "line": 125, "column": 93 } },
        "locations": [{ "start": { "line": 125, "column": 90 }, "end": { "line": 125, "column": 93 } }]
      },
      "5": {
        "type": "branch",
        "line": 126,
        "loc": { "start": { "line": 126, "column": 7 }, "end": { "line": 126, "column": 90 } },
        "locations": [{ "start": { "line": 126, "column": 7 }, "end": { "line": 126, "column": 90 } }]
      },
      "6": {
        "type": "branch",
        "line": 126,
        "loc": { "start": { "line": 126, "column": 87 }, "end": { "line": 126, "column": 90 } },
        "locations": [{ "start": { "line": 126, "column": 87 }, "end": { "line": 126, "column": 90 } }]
      },
      "7": {
        "type": "branch",
        "line": 128,
        "loc": { "start": { "line": 128, "column": 9 }, "end": { "line": 128, "column": 53 } },
        "locations": [{ "start": { "line": 128, "column": 9 }, "end": { "line": 128, "column": 53 } }]
      },
      "8": {
        "type": "branch",
        "line": 18,
        "loc": { "start": { "line": 18, "column": 23 }, "end": { "line": 24, "column": 4 } },
        "locations": [{ "start": { "line": 18, "column": 23 }, "end": { "line": 24, "column": 4 } }]
      },
      "9": {
        "type": "branch",
        "line": 19,
        "loc": { "start": { "line": 19, "column": 19 }, "end": { "line": 21, "column": 11 } },
        "locations": [{ "start": { "line": 19, "column": 19 }, "end": { "line": 21, "column": 11 } }]
      },
      "10": {
        "type": "branch",
        "line": 21,
        "loc": { "start": { "line": 21, "column": 4 }, "end": { "line": 23, "column": 5 } },
        "locations": [{ "start": { "line": 21, "column": 4 }, "end": { "line": 23, "column": 5 } }]
      },
      "11": {
        "type": "branch",
        "line": 26,
        "loc": { "start": { "line": 26, "column": 19 }, "end": { "line": 36, "column": 4 } },
        "locations": [{ "start": { "line": 26, "column": 19 }, "end": { "line": 36, "column": 4 } }]
      },
      "12": {
        "type": "branch",
        "line": 38,
        "loc": { "start": { "line": 38, "column": 17 }, "end": { "line": 46, "column": 4 } },
        "locations": [{ "start": { "line": 38, "column": 17 }, "end": { "line": 46, "column": 4 } }]
      },
      "13": {
        "type": "branch",
        "line": 53,
        "loc": { "start": { "line": 53, "column": 14 }, "end": { "line": 63, "column": 6 } },
        "locations": [{ "start": { "line": 53, "column": 14 }, "end": { "line": 63, "column": 6 } }]
      },
      "14": {
        "type": "branch",
        "line": 55,
        "loc": { "start": { "line": 55, "column": 25 }, "end": { "line": 57, "column": 7 } },
        "locations": [{ "start": { "line": 55, "column": 25 }, "end": { "line": 57, "column": 7 } }]
      },
      "15": {
        "type": "branch",
        "line": 58,
        "loc": { "start": { "line": 58, "column": 31 }, "end": { "line": 60, "column": 7 } },
        "locations": [{ "start": { "line": 58, "column": 31 }, "end": { "line": 60, "column": 7 } }]
      },
      "16": {
        "type": "branch",
        "line": 68,
        "loc": { "start": { "line": 68, "column": 37 }, "end": { "line": 68, "column": 69 } },
        "locations": [{ "start": { "line": 68, "column": 37 }, "end": { "line": 68, "column": 69 } }]
      },
      "17": {
        "type": "branch",
        "line": 70,
        "loc": { "start": { "line": 70, "column": 34 }, "end": { "line": 73, "column": 4 } },
        "locations": [{ "start": { "line": 70, "column": 34 }, "end": { "line": 73, "column": 4 } }]
      },
      "18": {
        "type": "branch",
        "line": 75,
        "loc": { "start": { "line": 75, "column": 28 }, "end": { "line": 77, "column": 4 } },
        "locations": [{ "start": { "line": 75, "column": 28 }, "end": { "line": 77, "column": 4 } }]
      },
      "19": {
        "type": "branch",
        "line": 81,
        "loc": { "start": { "line": 81, "column": 12 }, "end": { "line": 85, "column": 5 } },
        "locations": [{ "start": { "line": 81, "column": 12 }, "end": { "line": 85, "column": 5 } }]
      },
      "20": {
        "type": "branch",
        "line": 82,
        "loc": { "start": { "line": 82, "column": 8 }, "end": { "line": 82, "column": 37 } },
        "locations": [{ "start": { "line": 82, "column": 8 }, "end": { "line": 82, "column": 37 } }]
      },
      "21": {
        "type": "branch",
        "line": 82,
        "loc": { "start": { "line": 82, "column": 39 }, "end": { "line": 84, "column": 5 } },
        "locations": [{ "start": { "line": 82, "column": 39 }, "end": { "line": 84, "column": 5 } }]
      },
      "22": {
        "type": "branch",
        "line": 87,
        "loc": { "start": { "line": 87, "column": 19 }, "end": { "line": 91, "column": 4 } },
        "locations": [{ "start": { "line": 87, "column": 19 }, "end": { "line": 91, "column": 4 } }]
      }
    },
    "b": {
      "0": [59],
      "1": [40],
      "2": [0],
      "3": [1],
      "4": [58],
      "5": [26],
      "6": [33],
      "7": [26],
      "8": [5],
      "9": [1],
      "10": [4],
      "11": [4],
      "12": [1],
      "13": [21],
      "14": [4],
      "15": [7],
      "16": [32],
      "17": [7],
      "18": [7],
      "19": [28],
      "20": [15],
      "21": [15],
      "22": [1]
    },
    "fnMap": {
      "0": {
        "name": "Idea",
        "decl": { "start": { "line": 15, "column": 20 }, "end": { "line": 141, "column": 2 } },
        "loc": { "start": { "line": 15, "column": 20 }, "end": { "line": 141, "column": 2 } },
        "line": 15
      },
      "1": {
        "name": "handleSubmit",
        "decl": { "start": { "line": 18, "column": 23 }, "end": { "line": 24, "column": 4 } },
        "loc": { "start": { "line": 18, "column": 23 }, "end": { "line": 24, "column": 4 } },
        "line": 18
      },
      "2": {
        "name": "onCreate",
        "decl": { "start": { "line": 26, "column": 19 }, "end": { "line": 36, "column": 4 } },
        "loc": { "start": { "line": 26, "column": 19 }, "end": { "line": 36, "column": 4 } },
        "line": 26
      },
      "3": {
        "name": "onEdit",
        "decl": { "start": { "line": 38, "column": 17 }, "end": { "line": 46, "column": 4 } },
        "loc": { "start": { "line": 38, "column": 17 }, "end": { "line": 46, "column": 4 } },
        "line": 38
      },
      "4": {
        "name": "validate",
        "decl": { "start": { "line": 53, "column": 14 }, "end": { "line": 63, "column": 6 } },
        "loc": { "start": { "line": 53, "column": 14 }, "end": { "line": 63, "column": 6 } },
        "line": 53
      },
      "5": {
        "name": "handleDescriptionChange",
        "decl": { "start": { "line": 70, "column": 34 }, "end": { "line": 73, "column": 4 } },
        "loc": { "start": { "line": 70, "column": 34 }, "end": { "line": 73, "column": 4 } },
        "line": 70
      },
      "6": {
        "name": "handleTitleChange",
        "decl": { "start": { "line": 75, "column": 28 }, "end": { "line": 77, "column": 4 } },
        "loc": { "start": { "line": 75, "column": 28 }, "end": { "line": 77, "column": 4 } },
        "line": 75
      },
      "7": {
        "name": "onDelete",
        "decl": { "start": { "line": 87, "column": 19 }, "end": { "line": 91, "column": 4 } },
        "loc": { "start": { "line": 87, "column": 19 }, "end": { "line": 91, "column": 4 } },
        "line": 87
      }
    },
    "f": { "0": 59, "1": 5, "2": 4, "3": 1, "4": 21, "5": 7, "6": 7, "7": 1 }
  },
  "/Users/georgesomerville/dev/code-tests/scrum-board-duplicate/src/components/Layout/ErrorText.tsx": {
    "path": "/Users/georgesomerville/dev/code-tests/scrum-board-duplicate/src/components/Layout/ErrorText.tsx",
    "all": false,
    "statementMap": { "0": { "start": { "line": 1, "column": 0 }, "end": { "line": 1, "column": 96 } } },
    "s": { "0": 1 },
    "branchMap": {},
    "b": {},
    "fnMap": {},
    "f": {}
  },
  "/Users/georgesomerville/dev/code-tests/scrum-board-duplicate/src/components/Layout/Footer.tsx": {
    "path": "/Users/georgesomerville/dev/code-tests/scrum-board-duplicate/src/components/Layout/Footer.tsx",
    "all": false,
    "statementMap": {
      "0": { "start": { "line": 1, "column": 0 }, "end": { "line": 1, "column": 29 } },
      "1": { "start": { "line": 2, "column": 0 }, "end": { "line": 2, "column": 114 } },
      "2": { "start": { "line": 3, "column": 0 }, "end": { "line": 3, "column": 19 } }
    },
    "s": { "0": 1, "1": 1, "2": 1 },
    "branchMap": {},
    "b": {},
    "fnMap": {},
    "f": {}
  },
  "/Users/georgesomerville/dev/code-tests/scrum-board-duplicate/src/components/Layout/Header.tsx": {
    "path": "/Users/georgesomerville/dev/code-tests/scrum-board-duplicate/src/components/Layout/Header.tsx",
    "all": false,
    "statementMap": {
      "0": { "start": { "line": 1, "column": 0 }, "end": { "line": 1, "column": 29 } },
      "1": { "start": { "line": 2, "column": 0 }, "end": { "line": 2, "column": 50 } },
      "2": { "start": { "line": 3, "column": 0 }, "end": { "line": 3, "column": 60 } },
      "3": { "start": { "line": 4, "column": 0 }, "end": { "line": 4, "column": 66 } }
    },
    "s": { "0": 1, "1": 1, "2": 1, "3": 1 },
    "branchMap": {},
    "b": {},
    "fnMap": {},
    "f": {}
  },
  "/Users/georgesomerville/dev/code-tests/scrum-board-duplicate/src/components/Layout/SubmitButton.tsx": {
    "path": "/Users/georgesomerville/dev/code-tests/scrum-board-duplicate/src/components/Layout/SubmitButton.tsx",
    "all": false,
    "statementMap": {
      "0": { "start": { "line": 1, "column": 0 }, "end": { "line": 1, "column": 29 } },
      "4": { "start": { "line": 5, "column": 0 }, "end": { "line": 5, "column": 62 } },
      "5": { "start": { "line": 6, "column": 0 }, "end": { "line": 6, "column": 96 } },
      "6": { "start": { "line": 7, "column": 0 }, "end": { "line": 7, "column": 10 } }
    },
    "s": { "0": 1, "4": 1, "5": 1, "6": 1 },
    "branchMap": {},
    "b": {},
    "fnMap": {},
    "f": {}
  },
  "/Users/georgesomerville/dev/code-tests/scrum-board-duplicate/src/components/Notification/Notification.tsx": {
    "path": "/Users/georgesomerville/dev/code-tests/scrum-board-duplicate/src/components/Notification/Notification.tsx",
    "all": false,
    "statementMap": {
      "0": { "start": { "line": 1, "column": 0 }, "end": { "line": 1, "column": 26 } },
      "4": { "start": { "line": 5, "column": 0 }, "end": { "line": 5, "column": 70 } },
      "5": { "start": { "line": 6, "column": 0 }, "end": { "line": 6, "column": 100 } },
      "6": { "start": { "line": 7, "column": 0 }, "end": { "line": 7, "column": 37 } }
    },
    "s": { "0": 1, "4": 1, "5": 1, "6": 1 },
    "branchMap": {},
    "b": {},
    "fnMap": {},
    "f": {}
  },
  "/Users/georgesomerville/dev/code-tests/scrum-board-duplicate/src/components/Sort/Sort.tsx": {
    "path": "/Users/georgesomerville/dev/code-tests/scrum-board-duplicate/src/components/Sort/Sort.tsx",
    "all": false,
    "statementMap": {
      "0": { "start": { "line": 1, "column": 0 }, "end": { "line": 1, "column": 36 } },
      "8": { "start": { "line": 9, "column": 0 }, "end": { "line": 9, "column": 52 } },
      "9": { "start": { "line": 10, "column": 0 }, "end": { "line": 10, "column": 73 } },
      "10": { "start": { "line": 11, "column": 0 }, "end": { "line": 11, "column": 59 } },
      "11": { "start": { "line": 12, "column": 0 }, "end": { "line": 12, "column": 4 } },
      "13": { "start": { "line": 14, "column": 0 }, "end": { "line": 14, "column": 10 } },
      "14": { "start": { "line": 15, "column": 0 }, "end": { "line": 15, "column": 74 } },
      "15": { "start": { "line": 16, "column": 0 }, "end": { "line": 16, "column": 45 } },
      "16": { "start": { "line": 17, "column": 0 }, "end": { "line": 17, "column": 58 } },
      "19": { "start": { "line": 20, "column": 0 }, "end": { "line": 20, "column": 54 } },
      "24": { "start": { "line": 25, "column": 0 }, "end": { "line": 25, "column": 2 } }
    },
    "s": { "0": 1, "8": 1, "9": 19, "10": 2, "11": 2, "13": 19, "14": 19, "15": 19, "16": 19, "19": 19, "24": 19 },
    "branchMap": {
      "0": {
        "type": "branch",
        "line": 9,
        "loc": { "start": { "line": 9, "column": 20 }, "end": { "line": 25, "column": 2 } },
        "locations": [{ "start": { "line": 9, "column": 20 }, "end": { "line": 25, "column": 2 } }]
      },
      "1": {
        "type": "branch",
        "line": 10,
        "loc": { "start": { "line": 10, "column": 23 }, "end": { "line": 12, "column": 4 } },
        "locations": [{ "start": { "line": 10, "column": 23 }, "end": { "line": 12, "column": 4 } }]
      }
    },
    "b": { "0": [19], "1": [2] },
    "fnMap": {
      "0": {
        "name": "Sort",
        "decl": { "start": { "line": 9, "column": 20 }, "end": { "line": 25, "column": 2 } },
        "loc": { "start": { "line": 9, "column": 20 }, "end": { "line": 25, "column": 2 } },
        "line": 9
      },
      "1": {
        "name": "handleChange",
        "decl": { "start": { "line": 10, "column": 23 }, "end": { "line": 12, "column": 4 } },
        "loc": { "start": { "line": 10, "column": 23 }, "end": { "line": 12, "column": 4 } },
        "line": 10
      }
    },
    "f": { "0": 19, "1": 2 }
  },
  "/Users/georgesomerville/dev/code-tests/scrum-board-duplicate/src/components/Sort/sortApi.ts": {
    "path": "/Users/georgesomerville/dev/code-tests/scrum-board-duplicate/src/components/Sort/sortApi.ts",
    "all": false,
    "statementMap": {
      "0": { "start": { "line": 1, "column": 0 }, "end": { "line": 1, "column": 38 } },
      "13": { "start": { "line": 14, "column": 0 }, "end": { "line": 14, "column": 33 } },
      "14": { "start": { "line": 15, "column": 0 }, "end": { "line": 15, "column": 19 } },
      "15": { "start": { "line": 16, "column": 0 }, "end": { "line": 16, "column": 26 } },
      "16": { "start": { "line": 17, "column": 0 }, "end": { "line": 17, "column": 34 } },
      "17": { "start": { "line": 18, "column": 0 }, "end": { "line": 18, "column": 71 } },
      "18": { "start": { "line": 19, "column": 0 }, "end": { "line": 19, "column": 6 } },
      "19": { "start": { "line": 20, "column": 0 }, "end": { "line": 20, "column": 4 } },
      "20": { "start": { "line": 21, "column": 0 }, "end": { "line": 21, "column": 17 } },
      "21": { "start": { "line": 22, "column": 0 }, "end": { "line": 22, "column": 24 } },
      "22": { "start": { "line": 23, "column": 0 }, "end": { "line": 23, "column": 34 } },
      "23": { "start": { "line": 24, "column": 0 }, "end": { "line": 24, "column": 77 } },
      "24": { "start": { "line": 25, "column": 0 }, "end": { "line": 25, "column": 6 } },
      "25": { "start": { "line": 26, "column": 0 }, "end": { "line": 26, "column": 4 } },
      "26": { "start": { "line": 27, "column": 0 }, "end": { "line": 27, "column": 2 } }
    },
    "s": {
      "0": 1,
      "13": 1,
      "14": 1,
      "15": 1,
      "16": 1,
      "17": 1,
      "18": 1,
      "19": 1,
      "20": 1,
      "21": 1,
      "22": 1,
      "23": 1,
      "24": 1,
      "25": 1,
      "26": 1
    },
    "branchMap": {
      "0": {
        "type": "branch",
        "line": 17,
        "loc": { "start": { "line": 17, "column": 10 }, "end": { "line": 19, "column": 6 } },
        "locations": [{ "start": { "line": 17, "column": 10 }, "end": { "line": 19, "column": 6 } }]
      },
      "1": {
        "type": "branch",
        "line": 18,
        "loc": { "start": { "line": 18, "column": 29 }, "end": { "line": 18, "column": 71 } },
        "locations": [{ "start": { "line": 18, "column": 29 }, "end": { "line": 18, "column": 71 } }]
      },
      "2": {
        "type": "branch",
        "line": 23,
        "loc": { "start": { "line": 23, "column": 10 }, "end": { "line": 25, "column": 6 } },
        "locations": [{ "start": { "line": 23, "column": 10 }, "end": { "line": 25, "column": 6 } }]
      },
      "3": {
        "type": "branch",
        "line": 24,
        "loc": { "start": { "line": 24, "column": 29 }, "end": { "line": 24, "column": 77 } },
        "locations": [{ "start": { "line": 24, "column": 29 }, "end": { "line": 24, "column": 77 } }]
      }
    },
    "b": { "0": [1], "1": [1], "2": [1], "3": [1] },
    "fnMap": {
      "0": {
        "name": "sort",
        "decl": { "start": { "line": 17, "column": 10 }, "end": { "line": 19, "column": 6 } },
        "loc": { "start": { "line": 17, "column": 10 }, "end": { "line": 19, "column": 6 } },
        "line": 17
      },
      "1": {
        "name": "sort",
        "decl": { "start": { "line": 23, "column": 10 }, "end": { "line": 25, "column": 6 } },
        "loc": { "start": { "line": 23, "column": 10 }, "end": { "line": 25, "column": 6 } },
        "line": 23
      }
    },
    "f": { "0": 1, "1": 1 }
  },
  "/Users/georgesomerville/dev/code-tests/scrum-board-duplicate/src/hooks/useStorage.ts": {
    "path": "/Users/georgesomerville/dev/code-tests/scrum-board-duplicate/src/hooks/useStorage.ts",
    "all": false,
    "statementMap": {
      "0": { "start": { "line": 1, "column": 0 }, "end": { "line": 1, "column": 57 } },
      "2": { "start": { "line": 3, "column": 0 }, "end": { "line": 3, "column": 62 } },
      "3": { "start": { "line": 4, "column": 0 }, "end": { "line": 4, "column": 44 } },
      "4": { "start": { "line": 5, "column": 0 }, "end": { "line": 5, "column": 55 } },
      "5": { "start": { "line": 6, "column": 0 }, "end": { "line": 6, "column": 56 } },
      "6": { "start": { "line": 7, "column": 0 }, "end": { "line": 7, "column": 24 } },
      "7": { "start": { "line": 8, "column": 0 }, "end": { "line": 8, "column": 5 } },
      "9": { "start": { "line": 10, "column": 0 }, "end": { "line": 10, "column": 19 } },
      "10": { "start": { "line": 11, "column": 0 }, "end": { "line": 11, "column": 72 } },
      "11": { "start": { "line": 12, "column": 0 }, "end": { "line": 12, "column": 40 } },
      "13": { "start": { "line": 14, "column": 0 }, "end": { "line": 14, "column": 60 } },
      "14": { "start": { "line": 15, "column": 0 }, "end": { "line": 15, "column": 19 } },
      "16": { "start": { "line": 17, "column": 0 }, "end": { "line": 17, "column": 36 } },
      "17": { "start": { "line": 18, "column": 0 }, "end": { "line": 18, "column": 24 } },
      "18": { "start": { "line": 19, "column": 0 }, "end": { "line": 19, "column": 9 } },
      "20": { "start": { "line": 21, "column": 0 }, "end": { "line": 21, "column": 35 } },
      "21": { "start": { "line": 22, "column": 0 }, "end": { "line": 22, "column": 2 } }
    },
    "s": {
      "0": 1,
      "2": 1,
      "3": 19,
      "4": 9,
      "5": 9,
      "6": 5,
      "7": 5,
      "9": 19,
      "10": 18,
      "11": 18,
      "13": 18,
      "14": 19,
      "16": 19,
      "17": 0,
      "18": 19,
      "20": 19,
      "21": 19
    },
    "branchMap": {
      "0": {
        "type": "branch",
        "line": 3,
        "loc": { "start": { "line": 3, "column": 26 }, "end": { "line": 22, "column": 2 } },
        "locations": [{ "start": { "line": 3, "column": 26 }, "end": { "line": 22, "column": 2 } }]
      },
      "1": {
        "type": "branch",
        "line": 4,
        "loc": { "start": { "line": 4, "column": 37 }, "end": { "line": 8, "column": 5 } },
        "locations": [{ "start": { "line": 4, "column": 37 }, "end": { "line": 8, "column": 5 } }]
      },
      "2": {
        "type": "branch",
        "line": 6,
        "loc": { "start": { "line": 6, "column": 27 }, "end": { "line": 6, "column": 56 } },
        "locations": [{ "start": { "line": 6, "column": 27 }, "end": { "line": 6, "column": 56 } }]
      },
      "3": {
        "type": "branch",
        "line": 6,
        "loc": { "start": { "line": 6, "column": 45 }, "end": { "line": 8, "column": 5 } },
        "locations": [{ "start": { "line": 6, "column": 45 }, "end": { "line": 8, "column": 5 } }]
      },
      "4": {
        "type": "branch",
        "line": 10,
        "loc": { "start": { "line": 10, "column": 12 }, "end": { "line": 15, "column": 5 } },
        "locations": [{ "start": { "line": 10, "column": 12 }, "end": { "line": 15, "column": 5 } }]
      },
      "5": {
        "type": "branch",
        "line": 11,
        "loc": { "start": { "line": 11, "column": 29 }, "end": { "line": 11, "column": 72 } },
        "locations": [{ "start": { "line": 11, "column": 29 }, "end": { "line": 11, "column": 72 } }]
      }
    },
    "b": { "0": [19], "1": [9], "2": [4], "3": [5], "4": [18], "5": [0] },
    "fnMap": {
      "0": {
        "name": "useStorage",
        "decl": { "start": { "line": 3, "column": 26 }, "end": { "line": 22, "column": 2 } },
        "loc": { "start": { "line": 3, "column": 26 }, "end": { "line": 22, "column": 2 } },
        "line": 3
      }
    },
    "f": { "0": 19 }
  }
}
