{"/Users/georgesomerville/dev/code-tests/scrum-board-duplicate/src/App.tsx": {"path":"/Users/georgesomerville/dev/code-tests/scrum-board-duplicate/src/App.tsx","all":false,"statementMap":{"0":{"start":{"line":1,"column":0},"end":{"line":1,"column":19}},"5":{"start":{"line":6,"column":0},"end":{"line":6,"column":26}},"6":{"start":{"line":7,"column":0},"end":{"line":7,"column":10}},"7":{"start":{"line":8,"column":0},"end":{"line":8,"column":44}},"8":{"start":{"line":9,"column":0},"end":{"line":9,"column":16}},"9":{"start":{"line":10,"column":0},"end":{"line":10,"column":47}},"10":{"start":{"line":11,"column":0},"end":{"line":11,"column":16}},"12":{"start":{"line":13,"column":0},"end":{"line":13,"column":16}},"15":{"start":{"line":16,"column":0},"end":{"line":16,"column":2}},"17":{"start":{"line":18,"column":0},"end":{"line":18,"column":19}}},"s":{"0":1,"5":1,"6":9,"7":9,"8":9,"9":9,"10":9,"12":9,"15":9,"17":1},"branchMap":{"0":{"type":"branch","line":6,"loc":{"start":{"line":6,"column":19},"end":{"line":16,"column":2}},"locations":[{"start":{"line":6,"column":19},"end":{"line":16,"column":2}}]}},"b":{"0":[9]},"fnMap":{"0":{"name":"App","decl":{"start":{"line":6,"column":19},"end":{"line":16,"column":2}},"loc":{"start":{"line":6,"column":19},"end":{"line":16,"column":2}},"line":6}},"f":{"0":9}}
,"/Users/georgesomerville/dev/code-tests/scrum-board-duplicate/src/main.tsx": {"path":"/Users/georgesomerville/dev/code-tests/scrum-board-duplicate/src/main.tsx","all":true,"statementMap":{"0":{"start":{"line":1,"column":0},"end":{"line":1,"column":35}},"1":{"start":{"line":2,"column":0},"end":{"line":2,"column":46}},"2":{"start":{"line":3,"column":0},"end":{"line":3,"column":32}},"4":{"start":{"line":5,"column":0},"end":{"line":5,"column":52}},"5":{"start":{"line":6,"column":0},"end":{"line":6,"column":14}},"6":{"start":{"line":7,"column":0},"end":{"line":7,"column":11}}},"s":{"0":0,"1":0,"2":0,"4":0,"5":0,"6":0},"branchMap":{"0":{"type":"branch","line":1,"loc":{"start":{"line":1,"column":216},"end":{"line":9,"column":2}},"locations":[{"start":{"line":1,"column":216},"end":{"line":9,"column":2}}]}},"b":{"0":[0]},"fnMap":{"0":{"name":"(empty-report)","decl":{"start":{"line":1,"column":216},"end":{"line":9,"column":2}},"loc":{"start":{"line":1,"column":216},"end":{"line":9,"column":2}},"line":1}},"f":{"0":0}}
,"/Users/georgesomerville/dev/code-tests/scrum-board-duplicate/src/types.ts": {"path":"/Users/georgesomerville/dev/code-tests/scrum-board-duplicate/src/types.ts","all":true,"statementMap":{"6":{"start":{"line":7,"column":0},"end":{"line":7,"column":2}}},"s":{"6":0},"branchMap":{"0":{"type":"branch","line":1,"loc":{"start":{"line":1,"column":139},"end":{"line":7,"column":2}},"locations":[{"start":{"line":1,"column":139},"end":{"line":7,"column":2}}]}},"b":{"0":[1]},"fnMap":{"0":{"name":"(empty-report)","decl":{"start":{"line":1,"column":139},"end":{"line":7,"column":2}},"loc":{"start":{"line":1,"column":139},"end":{"line":7,"column":2}},"line":1}},"f":{"0":1}}
,"/Users/georgesomerville/dev/code-tests/scrum-board-duplicate/src/components/Home/Home.tsx": {"path":"/Users/georgesomerville/dev/code-tests/scrum-board-duplicate/src/components/Home/Home.tsx","all":false,"statementMap":{"0":{"start":{"line":1,"column":0},"end":{"line":1,"column":61}},"8":{"start":{"line":9,"column":0},"end":{"line":9,"column":27}},"9":{"start":{"line":10,"column":0},"end":{"line":10,"column":38}},"10":{"start":{"line":11,"column":0},"end":{"line":11,"column":23}},"11":{"start":{"line":12,"column":0},"end":{"line":12,"column":10}},"12":{"start":{"line":13,"column":0},"end":{"line":13,"column":14}},"13":{"start":{"line":14,"column":0},"end":{"line":14,"column":20}},"14":{"start":{"line":15,"column":0},"end":{"line":15,"column":18}},"15":{"start":{"line":16,"column":0},"end":{"line":16,"column":19}},"16":{"start":{"line":17,"column":0},"end":{"line":17,"column":4}},"18":{"start":{"line":19,"column":0},"end":{"line":19,"column":52}},"19":{"start":{"line":20,"column":0},"end":{"line":20,"column":63}},"21":{"start":{"line":22,"column":0},"end":{"line":22,"column":51}},"23":{"start":{"line":24,"column":0},"end":{"line":24,"column":19}},"24":{"start":{"line":25,"column":0},"end":{"line":25,"column":38}},"25":{"start":{"line":26,"column":0},"end":{"line":26,"column":23}},"26":{"start":{"line":27,"column":0},"end":{"line":27,"column":38}},"27":{"start":{"line":28,"column":0},"end":{"line":28,"column":28}},"28":{"start":{"line":29,"column":0},"end":{"line":29,"column":15}},"30":{"start":{"line":31,"column":0},"end":{"line":31,"column":39}},"31":{"start":{"line":32,"column":0},"end":{"line":32,"column":5}},"32":{"start":{"line":33,"column":0},"end":{"line":33,"column":21}},"34":{"start":{"line":35,"column":0},"end":{"line":35,"column":75}},"35":{"start":{"line":36,"column":0},"end":{"line":36,"column":21}},"36":{"start":{"line":37,"column":0},"end":{"line":37,"column":27}},"37":{"start":{"line":38,"column":0},"end":{"line":38,"column":14}},"38":{"start":{"line":39,"column":0},"end":{"line":39,"column":6}},"40":{"start":{"line":41,"column":0},"end":{"line":41,"column":34}},"41":{"start":{"line":42,"column":0},"end":{"line":42,"column":31}},"42":{"start":{"line":43,"column":0},"end":{"line":43,"column":4}},"44":{"start":{"line":45,"column":0},"end":{"line":45,"column":90}},"45":{"start":{"line":46,"column":0},"end":{"line":46,"column":56}},"46":{"start":{"line":47,"column":0},"end":{"line":47,"column":27}},"47":{"start":{"line":48,"column":0},"end":{"line":48,"column":16}},"48":{"start":{"line":49,"column":0},"end":{"line":49,"column":18}},"49":{"start":{"line":50,"column":0},"end":{"line":50,"column":23}},"50":{"start":{"line":51,"column":0},"end":{"line":51,"column":33}},"51":{"start":{"line":52,"column":0},"end":{"line":52,"column":10}},"52":{"start":{"line":53,"column":0},"end":{"line":53,"column":7}},"53":{"start":{"line":54,"column":0},"end":{"line":54,"column":27}},"54":{"start":{"line":55,"column":0},"end":{"line":55,"column":18}},"55":{"start":{"line":56,"column":0},"end":{"line":56,"column":7}},"57":{"start":{"line":58,"column":0},"end":{"line":58,"column":32}},"58":{"start":{"line":59,"column":0},"end":{"line":59,"column":31}},"59":{"start":{"line":60,"column":0},"end":{"line":60,"column":4}},"61":{"start":{"line":62,"column":0},"end":{"line":62,"column":54}},"62":{"start":{"line":63,"column":0},"end":{"line":63,"column":41}},"63":{"start":{"line":64,"column":0},"end":{"line":64,"column":15}},"64":{"start":{"line":65,"column":0},"end":{"line":65,"column":52}},"65":{"start":{"line":66,"column":0},"end":{"line":66,"column":28}},"66":{"start":{"line":67,"column":0},"end":{"line":67,"column":5}},"67":{"start":{"line":68,"column":0},"end":{"line":68,"column":27}},"68":{"start":{"line":69,"column":0},"end":{"line":69,"column":4}},"70":{"start":{"line":71,"column":0},"end":{"line":71,"column":40}},"71":{"start":{"line":72,"column":0},"end":{"line":72,"column":75}},"73":{"start":{"line":74,"column":0},"end":{"line":74,"column":28}},"74":{"start":{"line":75,"column":0},"end":{"line":75,"column":31}},"75":{"start":{"line":76,"column":0},"end":{"line":76,"column":4}},"77":{"start":{"line":78,"column":0},"end":{"line":78,"column":29}},"78":{"start":{"line":79,"column":0},"end":{"line":79,"column":17}},"79":{"start":{"line":80,"column":0},"end":{"line":80,"column":4}},"81":{"start":{"line":82,"column":0},"end":{"line":82,"column":86}},"82":{"start":{"line":83,"column":0},"end":{"line":83,"column":26}},"83":{"start":{"line":84,"column":0},"end":{"line":84,"column":31}},"84":{"start":{"line":85,"column":0},"end":{"line":85,"column":100}},"85":{"start":{"line":86,"column":0},"end":{"line":86,"column":59}},"86":{"start":{"line":87,"column":0},"end":{"line":87,"column":19}},"89":{"start":{"line":90,"column":0},"end":{"line":90,"column":10}},"90":{"start":{"line":91,"column":0},"end":{"line":91,"column":6}},"91":{"start":{"line":92,"column":0},"end":{"line":92,"column":69}},"92":{"start":{"line":93,"column":0},"end":{"line":93,"column":54}},"93":{"start":{"line":94,"column":0},"end":{"line":94,"column":69}},"97":{"start":{"line":98,"column":0},"end":{"line":98,"column":68}},"98":{"start":{"line":99,"column":0},"end":{"line":99,"column":82}},"99":{"start":{"line":100,"column":0},"end":{"line":100,"column":33}},"100":{"start":{"line":101,"column":0},"end":{"line":101,"column":12}},"101":{"start":{"line":102,"column":0},"end":{"line":102,"column":42}},"102":{"start":{"line":103,"column":0},"end":{"line":103,"column":20}},"103":{"start":{"line":104,"column":0},"end":{"line":104,"column":49}},"104":{"start":{"line":105,"column":0},"end":{"line":105,"column":21}},"105":{"start":{"line":106,"column":0},"end":{"line":106,"column":45}},"106":{"start":{"line":107,"column":0},"end":{"line":107,"column":41}},"107":{"start":{"line":108,"column":0},"end":{"line":108,"column":29}},"108":{"start":{"line":109,"column":0},"end":{"line":109,"column":45}},"109":{"start":{"line":110,"column":0},"end":{"line":110,"column":35}},"113":{"start":{"line":114,"column":0},"end":{"line":114,"column":13}},"118":{"start":{"line":119,"column":0},"end":{"line":119,"column":2}},"120":{"start":{"line":121,"column":0},"end":{"line":121,"column":20}}},"s":{"0":1,"8":1,"9":19,"10":19,"11":19,"12":19,"13":19,"14":19,"15":19,"16":19,"18":19,"19":19,"21":19,"23":19,"24":15,"25":15,"26":5,"27":1,"28":5,"30":5,"31":5,"32":19,"34":19,"35":4,"36":4,"37":4,"38":4,"40":4,"41":4,"42":4,"44":19,"45":1,"46":2,"47":1,"48":1,"49":1,"50":1,"51":1,"52":1,"53":1,"54":1,"55":1,"57":1,"58":1,"59":1,"61":19,"62":2,"63":2,"64":2,"65":2,"66":2,"67":2,"68":2,"70":19,"71":1,"73":1,"74":1,"75":1,"77":19,"78":1,"79":1,"81":19,"82":19,"83":19,"84":19,"85":15,"86":19,"89":19,"90":19,"91":19,"92":19,"93":19,"97":19,"98":19,"99":19,"100":19,"101":19,"102":19,"103":19,"104":19,"105":19,"106":19,"107":19,"108":19,"109":19,"113":19,"118":19,"120":1},"branchMap":{"0":{"type":"branch","line":9,"loc":{"start":{"line":9,"column":20},"end":{"line":119,"column":2}},"locations":[{"start":{"line":9,"column":20},"end":{"line":119,"column":2}}]},"1":{"type":"branch","line":24,"loc":{"start":{"line":24,"column":12},"end":{"line":33,"column":5}},"locations":[{"start":{"line":24,"column":12},"end":{"line":33,"column":5}}]},"2":{"type":"branch","line":26,"loc":{"start":{"line":26,"column":22},"end":{"line":32,"column":5}},"locations":[{"start":{"line":26,"column":22},"end":{"line":32,"column":5}}]},"3":{"type":"branch","line":27,"loc":{"start":{"line":27,"column":31},"end":{"line":29,"column":9}},"locations":[{"start":{"line":27,"column":31},"end":{"line":29,"column":9}}]},"4":{"type":"branch","line":31,"loc":{"start":{"line":31,"column":13},"end":{"line":31,"column":39}},"locations":[{"start":{"line":31,"column":13},"end":{"line":31,"column":39}}]},"5":{"type":"branch","line":35,"loc":{"start":{"line":35,"column":23},"end":{"line":43,"column":4}},"locations":[{"start":{"line":35,"column":23},"end":{"line":43,"column":4}}]},"6":{"type":"branch","line":45,"loc":{"start":{"line":45,"column":21},"end":{"line":60,"column":4}},"locations":[{"start":{"line":45,"column":21},"end":{"line":60,"column":4}}]},"7":{"type":"branch","line":46,"loc":{"start":{"line":46,"column":35},"end":{"line":56,"column":7}},"locations":[{"start":{"line":46,"column":35},"end":{"line":56,"column":7}}]},"8":{"type":"branch","line":47,"loc":{"start":{"line":47,"column":26},"end":{"line":56,"column":7}},"locations":[{"start":{"line":47,"column":26},"end":{"line":56,"column":7}}]},"9":{"type":"branch","line":62,"loc":{"start":{"line":62,"column":21},"end":{"line":69,"column":4}},"locations":[{"start":{"line":62,"column":21},"end":{"line":69,"column":4}}]},"10":{"type":"branch","line":71,"loc":{"start":{"line":71,"column":23},"end":{"line":76,"column":4}},"locations":[{"start":{"line":71,"column":23},"end":{"line":76,"column":4}}]},"11":{"type":"branch","line":72,"loc":{"start":{"line":72,"column":39},"end":{"line":72,"column":75}},"locations":[{"start":{"line":72,"column":39},"end":{"line":72,"column":75}}]},"12":{"type":"branch","line":78,"loc":{"start":{"line":78,"column":22},"end":{"line":80,"column":4}},"locations":[{"start":{"line":78,"column":22},"end":{"line":80,"column":4}}]},"13":{"type":"branch","line":85,"loc":{"start":{"line":85,"column":4},"end":{"line":86,"column":59}},"locations":[{"start":{"line":85,"column":4},"end":{"line":86,"column":59}}]},"14":{"type":"branch","line":102,"loc":{"start":{"line":102,"column":21},"end":{"line":114,"column":13}},"locations":[{"start":{"line":102,"column":21},"end":{"line":114,"column":13}}]}},"b":{"0":[19],"1":[15],"2":[5],"3":[1],"4":[5],"5":[4],"6":[1],"7":[2],"8":[1],"9":[2],"10":[1],"11":[1],"12":[1],"13":[15],"14":[19]},"fnMap":{"0":{"name":"Home","decl":{"start":{"line":9,"column":20},"end":{"line":119,"column":2}},"loc":{"start":{"line":9,"column":20},"end":{"line":119,"column":2}},"line":9},"1":{"name":"handleCreate","decl":{"start":{"line":35,"column":23},"end":{"line":43,"column":4}},"loc":{"start":{"line":35,"column":23},"end":{"line":43,"column":4}},"line":35},"2":{"name":"handleEdit","decl":{"start":{"line":45,"column":21},"end":{"line":60,"column":4}},"loc":{"start":{"line":45,"column":21},"end":{"line":60,"column":4}},"line":45},"3":{"name":"handleSort","decl":{"start":{"line":62,"column":21},"end":{"line":69,"column":4}},"loc":{"start":{"line":62,"column":21},"end":{"line":69,"column":4}},"line":62},"4":{"name":"handleDelete","decl":{"start":{"line":71,"column":23},"end":{"line":76,"column":4}},"loc":{"start":{"line":71,"column":23},"end":{"line":76,"column":4}},"line":71},"5":{"name":"handleClear","decl":{"start":{"line":78,"column":22},"end":{"line":80,"column":4}},"loc":{"start":{"line":78,"column":22},"end":{"line":80,"column":4}},"line":78}},"f":{"0":19,"1":4,"2":1,"3":2,"4":1,"5":1}}
,"/Users/georgesomerville/dev/code-tests/scrum-board-duplicate/src/components/Idea/Idea.tsx": {"path":"/Users/georgesomerville/dev/code-tests/scrum-board-duplicate/src/components/Idea/Idea.tsx","all":false,"statementMap":{"0":{"start":{"line":1,"column":0},"end":{"line":1,"column":61}},"16":{"start":{"line":17,"column":0},"end":{"line":17,"column":97}},"17":{"start":{"line":18,"column":0},"end":{"line":18,"column":41}},"19":{"start":{"line":20,"column":0},"end":{"line":20,"column":47}},"20":{"start":{"line":21,"column":0},"end":{"line":21,"column":20}},"21":{"start":{"line":22,"column":0},"end":{"line":22,"column":21}},"22":{"start":{"line":23,"column":0},"end":{"line":23,"column":12}},"23":{"start":{"line":24,"column":0},"end":{"line":24,"column":23}},"24":{"start":{"line":25,"column":0},"end":{"line":25,"column":5}},"25":{"start":{"line":26,"column":0},"end":{"line":26,"column":4}},"27":{"start":{"line":28,"column":0},"end":{"line":28,"column":43}},"28":{"start":{"line":29,"column":0},"end":{"line":29,"column":42}},"29":{"start":{"line":30,"column":0},"end":{"line":30,"column":19}},"30":{"start":{"line":31,"column":0},"end":{"line":31,"column":12}},"31":{"start":{"line":32,"column":0},"end":{"line":32,"column":18}},"32":{"start":{"line":33,"column":0},"end":{"line":33,"column":28}},"33":{"start":{"line":34,"column":0},"end":{"line":34,"column":6}},"34":{"start":{"line":35,"column":0},"end":{"line":35,"column":24}},"35":{"start":{"line":36,"column":0},"end":{"line":36,"column":23}},"36":{"start":{"line":37,"column":0},"end":{"line":37,"column":31}},"37":{"start":{"line":38,"column":0},"end":{"line":38,"column":4}},"39":{"start":{"line":40,"column":0},"end":{"line":40,"column":41}},"40":{"start":{"line":41,"column":0},"end":{"line":41,"column":42}},"41":{"start":{"line":42,"column":0},"end":{"line":42,"column":19}},"42":{"start":{"line":43,"column":0},"end":{"line":43,"column":12}},"43":{"start":{"line":44,"column":0},"end":{"line":44,"column":18}},"44":{"start":{"line":45,"column":0},"end":{"line":45,"column":6}},"46":{"start":{"line":47,"column":0},"end":{"line":47,"column":31}},"47":{"start":{"line":48,"column":0},"end":{"line":48,"column":4}},"49":{"start":{"line":50,"column":0},"end":{"line":50,"column":26}},"50":{"start":{"line":51,"column":0},"end":{"line":51,"column":23}},"51":{"start":{"line":52,"column":0},"end":{"line":52,"column":28}},"52":{"start":{"line":53,"column":0},"end":{"line":53,"column":5}},"53":{"start":{"line":54,"column":0},"end":{"line":54,"column":4}},"55":{"start":{"line":56,"column":0},"end":{"line":56,"column":28}},"56":{"start":{"line":57,"column":0},"end":{"line":57,"column":20}},"57":{"start":{"line":58,"column":0},"end":{"line":58,"column":24}},"58":{"start":{"line":59,"column":0},"end":{"line":59,"column":36}},"59":{"start":{"line":60,"column":0},"end":{"line":60,"column":6}},"60":{"start":{"line":61,"column":0},"end":{"line":61,"column":27}},"61":{"start":{"line":62,"column":0},"end":{"line":62,"column":66}},"62":{"start":{"line":63,"column":0},"end":{"line":63,"column":26}},"63":{"start":{"line":64,"column":0},"end":{"line":64,"column":43}},"64":{"start":{"line":65,"column":0},"end":{"line":65,"column":7}},"65":{"start":{"line":66,"column":0},"end":{"line":66,"column":32}},"66":{"start":{"line":67,"column":0},"end":{"line":67,"column":55}},"67":{"start":{"line":68,"column":0},"end":{"line":68,"column":7}},"69":{"start":{"line":70,"column":0},"end":{"line":70,"column":20}},"70":{"start":{"line":71,"column":0},"end":{"line":71,"column":6}},"71":{"start":{"line":72,"column":0},"end":{"line":72,"column":27}},"72":{"start":{"line":73,"column":0},"end":{"line":73,"column":5}},"74":{"start":{"line":75,"column":0},"end":{"line":75,"column":111}},"75":{"start":{"line":76,"column":0},"end":{"line":76,"column":91}},"77":{"start":{"line":78,"column":0},"end":{"line":78,"column":82}},"78":{"start":{"line":79,"column":0},"end":{"line":79,"column":27}},"79":{"start":{"line":80,"column":0},"end":{"line":80,"column":55}},"80":{"start":{"line":81,"column":0},"end":{"line":81,"column":4}},"82":{"start":{"line":83,"column":0},"end":{"line":83,"column":73}},"83":{"start":{"line":84,"column":0},"end":{"line":84,"column":27}},"84":{"start":{"line":85,"column":0},"end":{"line":85,"column":4}},"86":{"start":{"line":87,"column":0},"end":{"line":87,"column":50}},"88":{"start":{"line":89,"column":0},"end":{"line":89,"column":19}},"89":{"start":{"line":90,"column":0},"end":{"line":90,"column":40}},"90":{"start":{"line":91,"column":0},"end":{"line":91,"column":31}},"91":{"start":{"line":92,"column":0},"end":{"line":92,"column":5}},"92":{"start":{"line":93,"column":0},"end":{"line":93,"column":24}},"94":{"start":{"line":95,"column":0},"end":{"line":95,"column":10}},"95":{"start":{"line":96,"column":0},"end":{"line":96,"column":9}},"96":{"start":{"line":97,"column":0},"end":{"line":97,"column":137}},"97":{"start":{"line":98,"column":0},"end":{"line":98,"column":36}},"99":{"start":{"line":100,"column":0},"end":{"line":100,"column":30}},"100":{"start":{"line":101,"column":0},"end":{"line":101,"column":48}},"102":{"start":{"line":103,"column":0},"end":{"line":103,"column":62}},"104":{"start":{"line":105,"column":0},"end":{"line":105,"column":12}},"105":{"start":{"line":106,"column":0},"end":{"line":106,"column":26}},"106":{"start":{"line":107,"column":0},"end":{"line":107,"column":35}},"107":{"start":{"line":108,"column":0},"end":{"line":108,"column":33}},"108":{"start":{"line":109,"column":0},"end":{"line":109,"column":31}},"109":{"start":{"line":110,"column":0},"end":{"line":110,"column":39}},"110":{"start":{"line":111,"column":0},"end":{"line":111,"column":158}},"111":{"start":{"line":112,"column":0},"end":{"line":112,"column":20}},"112":{"start":{"line":113,"column":0},"end":{"line":113,"column":36}},"113":{"start":{"line":114,"column":0},"end":{"line":114,"column":22}},"115":{"start":{"line":116,"column":0},"end":{"line":116,"column":36}},"116":{"start":{"line":117,"column":0},"end":{"line":117,"column":54}},"118":{"start":{"line":119,"column":0},"end":{"line":119,"column":74}},"120":{"start":{"line":121,"column":0},"end":{"line":121,"column":15}},"121":{"start":{"line":122,"column":0},"end":{"line":122,"column":41}},"122":{"start":{"line":123,"column":0},"end":{"line":123,"column":42}},"123":{"start":{"line":124,"column":0},"end":{"line":124,"column":201}},"124":{"start":{"line":125,"column":0},"end":{"line":125,"column":53}},"125":{"start":{"line":126,"column":0},"end":{"line":126,"column":26}},"126":{"start":{"line":127,"column":0},"end":{"line":127,"column":32}},"127":{"start":{"line":128,"column":0},"end":{"line":128,"column":23}},"129":{"start":{"line":130,"column":0},"end":{"line":130,"column":35}},"130":{"start":{"line":131,"column":0},"end":{"line":131,"column":31}},"131":{"start":{"line":132,"column":0},"end":{"line":132,"column":75}},"133":{"start":{"line":134,"column":0},"end":{"line":134,"column":58}},"134":{"start":{"line":135,"column":0},"end":{"line":135,"column":11}},"136":{"start":{"line":137,"column":0},"end":{"line":137,"column":50}},"137":{"start":{"line":138,"column":0},"end":{"line":138,"column":88}},"138":{"start":{"line":139,"column":0},"end":{"line":139,"column":26}},"139":{"start":{"line":140,"column":0},"end":{"line":140,"column":17}},"140":{"start":{"line":141,"column":0},"end":{"line":141,"column":25}},"141":{"start":{"line":142,"column":0},"end":{"line":142,"column":90}},"142":{"start":{"line":143,"column":0},"end":{"line":143,"column":30}},"143":{"start":{"line":144,"column":0},"end":{"line":144,"column":11}},"148":{"start":{"line":149,"column":0},"end":{"line":149,"column":118}},"149":{"start":{"line":150,"column":0},"end":{"line":150,"column":89}},"150":{"start":{"line":151,"column":0},"end":{"line":151,"column":86}},"155":{"start":{"line":156,"column":0},"end":{"line":156,"column":2}}},"s":{"0":1,"16":1,"17":59,"19":59,"20":5,"21":1,"22":5,"23":4,"24":4,"25":5,"27":59,"28":4,"29":4,"30":4,"31":4,"32":4,"33":4,"34":4,"35":4,"36":4,"37":4,"39":59,"40":1,"41":1,"42":1,"43":1,"44":1,"46":1,"47":1,"49":59,"50":1,"51":1,"52":1,"53":1,"55":59,"56":59,"57":59,"58":59,"59":59,"60":59,"61":21,"62":21,"63":4,"64":4,"65":21,"66":8,"67":8,"69":21,"70":21,"71":59,"72":59,"74":59,"75":59,"77":59,"78":7,"79":7,"80":7,"82":59,"83":7,"84":7,"86":59,"88":59,"89":28,"90":15,"91":15,"92":59,"94":59,"95":59,"96":59,"97":59,"99":59,"100":5,"102":59,"104":59,"105":59,"106":59,"107":59,"108":59,"109":59,"110":59,"111":59,"112":59,"113":59,"115":59,"116":5,"118":59,"120":59,"121":59,"122":59,"123":59,"124":59,"125":59,"126":59,"127":59,"129":59,"130":34,"131":0,"133":34,"134":34,"136":59,"137":59,"138":59,"139":59,"140":59,"141":59,"142":59,"143":59,"148":59,"149":59,"150":59,"155":59},"branchMap":{"0":{"type":"branch","line":17,"loc":{"start":{"line":17,"column":20},"end":{"line":156,"column":2}},"locations":[{"start":{"line":17,"column":20},"end":{"line":156,"column":2}}]},"1":{"type":"branch","line":100,"loc":{"start":{"line":100,"column":26},"end":{"line":103,"column":9}},"locations":[{"start":{"line":100,"column":26},"end":{"line":103,"column":9}}]},"2":{"type":"branch","line":116,"loc":{"start":{"line":116,"column":32},"end":{"line":119,"column":9}},"locations":[{"start":{"line":116,"column":32},"end":{"line":119,"column":9}}]},"3":{"type":"branch","line":130,"loc":{"start":{"line":130,"column":32},"end":{"line":135,"column":11}},"locations":[{"start":{"line":130,"column":32},"end":{"line":135,"column":11}}]},"4":{"type":"branch","line":131,"loc":{"start":{"line":131,"column":9},"end":{"line":134,"column":11}},"locations":[{"start":{"line":131,"column":9},"end":{"line":134,"column":11}}]},"5":{"type":"branch","line":138,"loc":{"start":{"line":138,"column":9},"end":{"line":138,"column":53}},"locations":[{"start":{"line":138,"column":9},"end":{"line":138,"column":53}}]},"6":{"type":"branch","line":20,"loc":{"start":{"line":20,"column":23},"end":{"line":26,"column":4}},"locations":[{"start":{"line":20,"column":23},"end":{"line":26,"column":4}}]},"7":{"type":"branch","line":21,"loc":{"start":{"line":21,"column":19},"end":{"line":23,"column":11}},"locations":[{"start":{"line":21,"column":19},"end":{"line":23,"column":11}}]},"8":{"type":"branch","line":23,"loc":{"start":{"line":23,"column":4},"end":{"line":25,"column":5}},"locations":[{"start":{"line":23,"column":4},"end":{"line":25,"column":5}}]},"9":{"type":"branch","line":28,"loc":{"start":{"line":28,"column":19},"end":{"line":38,"column":4}},"locations":[{"start":{"line":28,"column":19},"end":{"line":38,"column":4}}]},"10":{"type":"branch","line":40,"loc":{"start":{"line":40,"column":17},"end":{"line":48,"column":4}},"locations":[{"start":{"line":40,"column":17},"end":{"line":48,"column":4}}]},"11":{"type":"branch","line":50,"loc":{"start":{"line":50,"column":19},"end":{"line":54,"column":4}},"locations":[{"start":{"line":50,"column":19},"end":{"line":54,"column":4}}]},"12":{"type":"branch","line":61,"loc":{"start":{"line":61,"column":14},"end":{"line":71,"column":6}},"locations":[{"start":{"line":61,"column":14},"end":{"line":71,"column":6}}]},"13":{"type":"branch","line":63,"loc":{"start":{"line":63,"column":25},"end":{"line":65,"column":7}},"locations":[{"start":{"line":63,"column":25},"end":{"line":65,"column":7}}]},"14":{"type":"branch","line":66,"loc":{"start":{"line":66,"column":31},"end":{"line":68,"column":7}},"locations":[{"start":{"line":66,"column":31},"end":{"line":68,"column":7}}]},"15":{"type":"branch","line":76,"loc":{"start":{"line":76,"column":37},"end":{"line":76,"column":69}},"locations":[{"start":{"line":76,"column":37},"end":{"line":76,"column":69}}]},"16":{"type":"branch","line":78,"loc":{"start":{"line":78,"column":34},"end":{"line":81,"column":4}},"locations":[{"start":{"line":78,"column":34},"end":{"line":81,"column":4}}]},"17":{"type":"branch","line":83,"loc":{"start":{"line":83,"column":28},"end":{"line":85,"column":4}},"locations":[{"start":{"line":83,"column":28},"end":{"line":85,"column":4}}]},"18":{"type":"branch","line":89,"loc":{"start":{"line":89,"column":12},"end":{"line":93,"column":5}},"locations":[{"start":{"line":89,"column":12},"end":{"line":93,"column":5}}]},"19":{"type":"branch","line":90,"loc":{"start":{"line":90,"column":8},"end":{"line":90,"column":37}},"locations":[{"start":{"line":90,"column":8},"end":{"line":90,"column":37}}]},"20":{"type":"branch","line":90,"loc":{"start":{"line":90,"column":39},"end":{"line":92,"column":5}},"locations":[{"start":{"line":90,"column":39},"end":{"line":92,"column":5}}]}},"b":{"0":[59],"1":[5],"2":[5],"3":[34],"4":[0],"5":[26],"6":[5],"7":[1],"8":[4],"9":[4],"10":[1],"11":[1],"12":[21],"13":[4],"14":[8],"15":[32],"16":[7],"17":[7],"18":[28],"19":[15],"20":[15]},"fnMap":{"0":{"name":"Idea","decl":{"start":{"line":17,"column":20},"end":{"line":156,"column":2}},"loc":{"start":{"line":17,"column":20},"end":{"line":156,"column":2}},"line":17},"1":{"name":"handleSubmit","decl":{"start":{"line":20,"column":23},"end":{"line":26,"column":4}},"loc":{"start":{"line":20,"column":23},"end":{"line":26,"column":4}},"line":20},"2":{"name":"onCreate","decl":{"start":{"line":28,"column":19},"end":{"line":38,"column":4}},"loc":{"start":{"line":28,"column":19},"end":{"line":38,"column":4}},"line":28},"3":{"name":"onEdit","decl":{"start":{"line":40,"column":17},"end":{"line":48,"column":4}},"loc":{"start":{"line":40,"column":17},"end":{"line":48,"column":4}},"line":40},"4":{"name":"onDelete","decl":{"start":{"line":50,"column":19},"end":{"line":54,"column":4}},"loc":{"start":{"line":50,"column":19},"end":{"line":54,"column":4}},"line":50},"5":{"name":"validate","decl":{"start":{"line":61,"column":14},"end":{"line":71,"column":6}},"loc":{"start":{"line":61,"column":14},"end":{"line":71,"column":6}},"line":61},"6":{"name":"handleDescriptionChange","decl":{"start":{"line":78,"column":34},"end":{"line":81,"column":4}},"loc":{"start":{"line":78,"column":34},"end":{"line":81,"column":4}},"line":78},"7":{"name":"handleTitleChange","decl":{"start":{"line":83,"column":28},"end":{"line":85,"column":4}},"loc":{"start":{"line":83,"column":28},"end":{"line":85,"column":4}},"line":83}},"f":{"0":59,"1":5,"2":4,"3":1,"4":1,"5":21,"6":7,"7":7}}
,"/Users/georgesomerville/dev/code-tests/scrum-board-duplicate/src/components/Layout/ErrorText.tsx": {"path":"/Users/georgesomerville/dev/code-tests/scrum-board-duplicate/src/components/Layout/ErrorText.tsx","all":false,"statementMap":{"0":{"start":{"line":1,"column":0},"end":{"line":1,"column":104}}},"s":{"0":1},"branchMap":{},"b":{},"fnMap":{},"f":{}}
,"/Users/georgesomerville/dev/code-tests/scrum-board-duplicate/src/components/Layout/Footer.tsx": {"path":"/Users/georgesomerville/dev/code-tests/scrum-board-duplicate/src/components/Layout/Footer.tsx","all":false,"statementMap":{"0":{"start":{"line":1,"column":0},"end":{"line":1,"column":29}},"1":{"start":{"line":2,"column":0},"end":{"line":2,"column":114}},"2":{"start":{"line":3,"column":0},"end":{"line":3,"column":19}}},"s":{"0":1,"1":1,"2":1},"branchMap":{},"b":{},"fnMap":{},"f":{}}
,"/Users/georgesomerville/dev/code-tests/scrum-board-duplicate/src/components/Layout/Header.tsx": {"path":"/Users/georgesomerville/dev/code-tests/scrum-board-duplicate/src/components/Layout/Header.tsx","all":false,"statementMap":{"0":{"start":{"line":1,"column":0},"end":{"line":1,"column":29}},"1":{"start":{"line":2,"column":0},"end":{"line":2,"column":50}},"2":{"start":{"line":3,"column":0},"end":{"line":3,"column":60}},"3":{"start":{"line":4,"column":0},"end":{"line":4,"column":66}}},"s":{"0":1,"1":1,"2":1,"3":1},"branchMap":{},"b":{},"fnMap":{},"f":{}}
,"/Users/georgesomerville/dev/code-tests/scrum-board-duplicate/src/components/Layout/SubmitButton.tsx": {"path":"/Users/georgesomerville/dev/code-tests/scrum-board-duplicate/src/components/Layout/SubmitButton.tsx","all":false,"statementMap":{"0":{"start":{"line":1,"column":0},"end":{"line":1,"column":29}},"4":{"start":{"line":5,"column":0},"end":{"line":5,"column":62}},"5":{"start":{"line":6,"column":0},"end":{"line":6,"column":96}},"6":{"start":{"line":7,"column":0},"end":{"line":7,"column":10}}},"s":{"0":1,"4":1,"5":1,"6":1},"branchMap":{},"b":{},"fnMap":{},"f":{}}
,"/Users/georgesomerville/dev/code-tests/scrum-board-duplicate/src/components/Notification/Notification.tsx": {"path":"/Users/georgesomerville/dev/code-tests/scrum-board-duplicate/src/components/Notification/Notification.tsx","all":false,"statementMap":{"0":{"start":{"line":1,"column":0},"end":{"line":1,"column":26}},"4":{"start":{"line":5,"column":0},"end":{"line":5,"column":70}},"5":{"start":{"line":6,"column":0},"end":{"line":6,"column":100}},"6":{"start":{"line":7,"column":0},"end":{"line":7,"column":37}}},"s":{"0":1,"4":1,"5":1,"6":1},"branchMap":{},"b":{},"fnMap":{},"f":{}}
,"/Users/georgesomerville/dev/code-tests/scrum-board-duplicate/src/components/Sort/Sort.tsx": {"path":"/Users/georgesomerville/dev/code-tests/scrum-board-duplicate/src/components/Sort/Sort.tsx","all":false,"statementMap":{"0":{"start":{"line":1,"column":0},"end":{"line":1,"column":36}},"8":{"start":{"line":9,"column":0},"end":{"line":9,"column":52}},"9":{"start":{"line":10,"column":0},"end":{"line":10,"column":73}},"10":{"start":{"line":11,"column":0},"end":{"line":11,"column":59}},"11":{"start":{"line":12,"column":0},"end":{"line":12,"column":4}},"13":{"start":{"line":14,"column":0},"end":{"line":14,"column":10}},"14":{"start":{"line":15,"column":0},"end":{"line":15,"column":74}},"15":{"start":{"line":16,"column":0},"end":{"line":16,"column":45}},"16":{"start":{"line":17,"column":0},"end":{"line":17,"column":58}},"19":{"start":{"line":20,"column":0},"end":{"line":20,"column":54}},"24":{"start":{"line":25,"column":0},"end":{"line":25,"column":2}}},"s":{"0":1,"8":1,"9":19,"10":2,"11":2,"13":19,"14":19,"15":19,"16":19,"19":19,"24":19},"branchMap":{"0":{"type":"branch","line":9,"loc":{"start":{"line":9,"column":20},"end":{"line":25,"column":2}},"locations":[{"start":{"line":9,"column":20},"end":{"line":25,"column":2}}]},"1":{"type":"branch","line":10,"loc":{"start":{"line":10,"column":23},"end":{"line":12,"column":4}},"locations":[{"start":{"line":10,"column":23},"end":{"line":12,"column":4}}]}},"b":{"0":[19],"1":[2]},"fnMap":{"0":{"name":"Sort","decl":{"start":{"line":9,"column":20},"end":{"line":25,"column":2}},"loc":{"start":{"line":9,"column":20},"end":{"line":25,"column":2}},"line":9},"1":{"name":"handleChange","decl":{"start":{"line":10,"column":23},"end":{"line":12,"column":4}},"loc":{"start":{"line":10,"column":23},"end":{"line":12,"column":4}},"line":10}},"f":{"0":19,"1":2}}
,"/Users/georgesomerville/dev/code-tests/scrum-board-duplicate/src/components/Sort/sortApi.ts": {"path":"/Users/georgesomerville/dev/code-tests/scrum-board-duplicate/src/components/Sort/sortApi.ts","all":false,"statementMap":{"0":{"start":{"line":1,"column":0},"end":{"line":1,"column":38}},"13":{"start":{"line":14,"column":0},"end":{"line":14,"column":33}},"14":{"start":{"line":15,"column":0},"end":{"line":15,"column":19}},"15":{"start":{"line":16,"column":0},"end":{"line":16,"column":26}},"16":{"start":{"line":17,"column":0},"end":{"line":17,"column":34}},"17":{"start":{"line":18,"column":0},"end":{"line":18,"column":71}},"18":{"start":{"line":19,"column":0},"end":{"line":19,"column":6}},"19":{"start":{"line":20,"column":0},"end":{"line":20,"column":4}},"20":{"start":{"line":21,"column":0},"end":{"line":21,"column":17}},"21":{"start":{"line":22,"column":0},"end":{"line":22,"column":24}},"22":{"start":{"line":23,"column":0},"end":{"line":23,"column":34}},"23":{"start":{"line":24,"column":0},"end":{"line":24,"column":77}},"24":{"start":{"line":25,"column":0},"end":{"line":25,"column":6}},"25":{"start":{"line":26,"column":0},"end":{"line":26,"column":4}},"26":{"start":{"line":27,"column":0},"end":{"line":27,"column":2}}},"s":{"0":1,"13":1,"14":1,"15":1,"16":1,"17":1,"18":1,"19":1,"20":1,"21":1,"22":1,"23":1,"24":1,"25":1,"26":1},"branchMap":{"0":{"type":"branch","line":17,"loc":{"start":{"line":17,"column":10},"end":{"line":19,"column":6}},"locations":[{"start":{"line":17,"column":10},"end":{"line":19,"column":6}}]},"1":{"type":"branch","line":18,"loc":{"start":{"line":18,"column":29},"end":{"line":18,"column":71}},"locations":[{"start":{"line":18,"column":29},"end":{"line":18,"column":71}}]},"2":{"type":"branch","line":23,"loc":{"start":{"line":23,"column":10},"end":{"line":25,"column":6}},"locations":[{"start":{"line":23,"column":10},"end":{"line":25,"column":6}}]},"3":{"type":"branch","line":24,"loc":{"start":{"line":24,"column":29},"end":{"line":24,"column":77}},"locations":[{"start":{"line":24,"column":29},"end":{"line":24,"column":77}}]}},"b":{"0":[1],"1":[1],"2":[1],"3":[1]},"fnMap":{"0":{"name":"sort","decl":{"start":{"line":17,"column":10},"end":{"line":19,"column":6}},"loc":{"start":{"line":17,"column":10},"end":{"line":19,"column":6}},"line":17},"1":{"name":"sort","decl":{"start":{"line":23,"column":10},"end":{"line":25,"column":6}},"loc":{"start":{"line":23,"column":10},"end":{"line":25,"column":6}},"line":23}},"f":{"0":1,"1":1}}
,"/Users/georgesomerville/dev/code-tests/scrum-board-duplicate/src/hooks/useStorage.ts": {"path":"/Users/georgesomerville/dev/code-tests/scrum-board-duplicate/src/hooks/useStorage.ts","all":false,"statementMap":{"0":{"start":{"line":1,"column":0},"end":{"line":1,"column":57}},"2":{"start":{"line":3,"column":0},"end":{"line":3,"column":62}},"3":{"start":{"line":4,"column":0},"end":{"line":4,"column":44}},"4":{"start":{"line":5,"column":0},"end":{"line":5,"column":55}},"5":{"start":{"line":6,"column":0},"end":{"line":6,"column":56}},"6":{"start":{"line":7,"column":0},"end":{"line":7,"column":24}},"7":{"start":{"line":8,"column":0},"end":{"line":8,"column":5}},"9":{"start":{"line":10,"column":0},"end":{"line":10,"column":19}},"10":{"start":{"line":11,"column":0},"end":{"line":11,"column":72}},"11":{"start":{"line":12,"column":0},"end":{"line":12,"column":40}},"13":{"start":{"line":14,"column":0},"end":{"line":14,"column":60}},"14":{"start":{"line":15,"column":0},"end":{"line":15,"column":19}},"16":{"start":{"line":17,"column":0},"end":{"line":17,"column":36}},"17":{"start":{"line":18,"column":0},"end":{"line":18,"column":24}},"18":{"start":{"line":19,"column":0},"end":{"line":19,"column":9}},"20":{"start":{"line":21,"column":0},"end":{"line":21,"column":35}},"21":{"start":{"line":22,"column":0},"end":{"line":22,"column":2}}},"s":{"0":1,"2":1,"3":19,"4":9,"5":9,"6":5,"7":5,"9":19,"10":18,"11":18,"13":18,"14":19,"16":19,"17":0,"18":19,"20":19,"21":19},"branchMap":{"0":{"type":"branch","line":3,"loc":{"start":{"line":3,"column":26},"end":{"line":22,"column":2}},"locations":[{"start":{"line":3,"column":26},"end":{"line":22,"column":2}}]},"1":{"type":"branch","line":4,"loc":{"start":{"line":4,"column":37},"end":{"line":8,"column":5}},"locations":[{"start":{"line":4,"column":37},"end":{"line":8,"column":5}}]},"2":{"type":"branch","line":6,"loc":{"start":{"line":6,"column":27},"end":{"line":6,"column":56}},"locations":[{"start":{"line":6,"column":27},"end":{"line":6,"column":56}}]},"3":{"type":"branch","line":6,"loc":{"start":{"line":6,"column":45},"end":{"line":8,"column":5}},"locations":[{"start":{"line":6,"column":45},"end":{"line":8,"column":5}}]},"4":{"type":"branch","line":10,"loc":{"start":{"line":10,"column":12},"end":{"line":15,"column":5}},"locations":[{"start":{"line":10,"column":12},"end":{"line":15,"column":5}}]},"5":{"type":"branch","line":11,"loc":{"start":{"line":11,"column":29},"end":{"line":11,"column":72}},"locations":[{"start":{"line":11,"column":29},"end":{"line":11,"column":72}}]}},"b":{"0":[19],"1":[9],"2":[4],"3":[5],"4":[18],"5":[0]},"fnMap":{"0":{"name":"useStorage","decl":{"start":{"line":3,"column":26},"end":{"line":22,"column":2}},"loc":{"start":{"line":3,"column":26},"end":{"line":22,"column":2}},"line":3}},"f":{"0":19}}
}
